#
# A fatal error has been detected by the Java Runtime Environment:
#
#  SIGSEGV (0xb) at pc=0x000000010f69832d, pid=2083, tid=8451
#
# JRE version: Java(TM) SE Runtime Environment (8.0_25-b17) (build 1.8.0_25-b17)
# Java VM: Java HotSpot(TM) 64-Bit Server VM (25.25-b02 mixed mode bsd-amd64 compressed oops)
# Problematic frame:
# V  [libjvm.dylib+0x49832d]  oopDesc* PSPromotionManager::copy_to_survivor_space<false>(oopDesc*)+0x49
#
# Failed to write core dump. Core dumps have been disabled. To enable core dumping, try "ulimit -c unlimited" before starting Java again
#
# If you would like to submit a bug report, please visit:
#   http://bugreport.sun.com/bugreport/crash.jsp
#

---------------  T H R E A D  ---------------

Current thread (0x00007fdd23806800):  GCTaskThread [stack: 0x000000011f948000,0x000000011fa48000] [id=8451]

siginfo: si_signo: 11 (SIGSEGV), si_code: 1 (SEGV_MAPERR), si_addr: 0x0000000000000000

Registers:
RAX=0x0000000000000000, RBX=0x0000000000000000, RCX=0x000000000000004e, RDX=0x000000080000004d
RSP=0x000000011fa47be0, RBP=0x000000011fa47c40, RSI=0x00000007ad7ce000, RDI=0x00000007c0000208
R8 =0x000000010fa9d750, R9 =0x00000007bc290000, R10=0x00000007bc298000, R11=0x000000000f2123a0
R12=0x000000010fa94566, R13=0x00000007bc296efd, R14=0x00007fdd23003c00, R15=0x0000000000000009
RIP=0x000000010f69832d, EFLAGS=0x0000000000010246, ERR=0x0000000000000004
  TRAPNO=0x000000000000000e

Top of Stack: (sp=0x000000011fa47be0)
0x000000011fa47be0:   0000000000000000 00000007ad7ce000
0x000000011fa47bf0:   00000007bc290000 0000000000001000
0x000000011fa47c00:   0000000000000000 0000000000000000
0x000000011fa47c10:   000000000000000d 00000007bc296efd
0x000000011fa47c20:   000000010fa94566 00000007bc296efd
0x000000011fa47c30:   00000007bc296efc 00007fdd23003c98
0x000000011fa47c40:   000000011fa47c60 000000010f698737
0x000000011fa47c50:   00007fdd23003c00 00007fdd23003c60
0x000000011fa47c60:   000000011fa47cc0 000000010f6978f1
0x000000011fa47c70:   0000000781477df4 00000007c019d6a8
0x000000011fa47c80:   00000007bc296efd 00000007c019d6a8
0x000000011fa47c90:   00007fdd23003c00 0000000781477e10
0x000000011fa47ca0:   000000011f5fa3bf 0000000781477e00
0x000000011fa47cb0:   000000011f5fa401 0000000000000240
0x000000011fa47cc0:   000000011fa47d80 000000010f35162e
0x000000011fa47cd0:   00007fdd22406e10 0000000000000200
0x000000011fa47ce0:   fffffffee09df6c7 0000000000000180
0x000000011fa47cf0:   000000011f620937 000000011b9f0180
0x000000011fa47d00:   000000011f620938 0000000003c0a200
0x000000011fa47d10:   fffffffee0a05bff 0000000003c30938
0x000000011fa47d20:   000000011f5fa400 000000011f5fa381
0x000000011fa47d30:   0000000786126e68 0000000781480008
0x000000011fa47d40:   00007fdd22403b90 00007fdd23003c00
0x000000011fa47d50:   00007fdd22403910 00007fdd2240bef0
0x000000011fa47d60:   0000000000000000 000000010f7d4b0b
0x000000011fa47d70:   00007fdd23003c00 0000000000000001
0x000000011fa47d80:   000000011fa47db0 000000010f69b133
0x000000011fa47d90:   0000000000000004 00007fdd22406e10
0x000000011fa47da0:   00007fdd23806800 00007fdd2240bef0
0x000000011fa47db0:   000000011fa47e90 000000010f461f3d
0x000000011fa47dc0:   000000011fa47df0 00007fdd224070a0
0x000000011fa47dd0:   00007fdd224070d0 00007fdd224070e0 

Instructions: (pc=0x000000010f69832d)
0x000000010f69830d:   49 89 fe 48 8b 7d a8 e8 87 56 d3 ff f6 c3 01 4c
0x000000010f69831d:   63 f8 74 05 48 89 d8 eb 0a 48 89 d8 48 83 e0 fd
0x000000010f69832d:   48 8b 00 c1 e8 03 83 e0 0f 48 8d 0d d3 53 40 00
0x000000010f69833d:   3b 01 0f 83 f5 00 00 00 45 85 ff 7f 05 45 31 e4 

Register to memory mapping:

RAX=0x0000000000000000 is an unknown value
RBX=0x0000000000000000 is an unknown value
RCX=0x000000000000004e is an unknown value
RDX=0x000000080000004d is an unknown value
RSP=0x000000011fa47be0 is an unknown value
RBP=0x000000011fa47c40 is an unknown value
RSI=0x00000007ad7ce000 is an unknown value
RDI=0x00000007c0000208 is pointing into metadata
R8 =0x000000010fa9d750: _ZN10PSScavenge26_young_generation_boundaryE+0 in /Library/Java/JavaVirtualMachines/jdk1.8.0_25.jdk/Contents/Home/jre/lib/server/libjvm.dylib at 0x000000010f200000
R9 =0x00000007bc290000 is an oop
java.lang.String 
 - klass: 'java/lang/String'
R10=0x00000007bc298000 is an oop
[Ljava.lang.Class; 
 - klass: 'java/lang/Class'[]
 - length: 0
R11=0x000000000f2123a0 is an unknown value
R12=0x000000010fa94566: AssumeMP+0 in /Library/Java/JavaVirtualMachines/jdk1.8.0_25.jdk/Contents/Home/jre/lib/server/libjvm.dylib at 0x000000010f200000
R13=0x00000007bc296efd is an unknown value
R14=0x00007fdd23003c00 is an unknown value
R15=0x0000000000000009 is an unknown value


Stack: [0x000000011f948000,0x000000011fa48000],  sp=0x000000011fa47be0,  free space=1022k
Native frames: (J=compiled Java code, j=interpreted, Vv=VM code, C=native code)
V  [libjvm.dylib+0x49832d]  oopDesc* PSPromotionManager::copy_to_survivor_space<false>(oopDesc*)+0x49
V  [libjvm.dylib+0x498737]  PSPromotionManager::process_popped_location_depth(StarTask)+0x73
V  [libjvm.dylib+0x4978f1]  PSPromotionManager::drain_stacks_depth(bool)+0x117
V  [libjvm.dylib+0x15162e]  CardTableExtension::scavenge_contents_parallel(ObjectStartArray*, MutableSpace*, HeapWord*, PSPromotionManager*, unsigned int, unsigned int)+0x380
V  [libjvm.dylib+0x49b133]  OldToYoungRootsTask::do_it(GCTaskManager*, unsigned int)+0x4b
V  [libjvm.dylib+0x261f3d]  GCTaskThread::run()+0x1a1
V  [libjvm.dylib+0x45d87e]  java_start(Thread*)+0xf6
C  [libsystem_pthread.dylib+0x32fc]  _pthread_body+0x83
C  [libsystem_pthread.dylib+0x3279]  _pthread_body+0x0
C  [libsystem_pthread.dylib+0x14b1]  thread_start+0xd


---------------  P R O C E S S  ---------------

Java Threads: ( => current thread )
  0x00007fdd26345000 JavaThread "Stdin handler" [_thread_blocked, id=21787, stack(0x000000012804b000,0x000000012814b000)]
  0x00007fdd23380800 JavaThread "Cancel handler" [_thread_blocked, id=20763, stack(0x0000000127877000,0x0000000127977000)]
  0x00007fdd24733000 JavaThread "Handler for socket connection from /127.0.0.1:56827 to /127.0.0.1:57082" [_thread_in_native, id=21275, stack(0x00000001275fb000,0x00000001276fb000)]
  0x00007fdd245cc800 JavaThread "Daemon worker Thread 4" [_thread_blocked, id=20239, stack(0x0000000128937000,0x0000000128a37000)]
  0x00007fdd27053000 JavaThread "Daemon Thread 4" [_thread_blocked, id=19727, stack(0x00000001263ea000,0x00000001264ea000)]
  0x00007fdd246ea800 JavaThread "File lock request listener" [_thread_in_native, id=22787, stack(0x00000001281df000,0x00000001282df000)]
  0x00007fdd231de000 JavaThread "Incoming local TCP Connector on port 56827" [_thread_in_native, id=19203, stack(0x00000001262e7000,0x00000001263e7000)]
  0x00007fdd2302c800 JavaThread "Service Thread" daemon [_thread_blocked, id=18179, stack(0x000000012598b000,0x0000000125a8b000)]
  0x00007fdd23019800 JavaThread "C1 CompilerThread2" daemon [_thread_blocked, id=17667, stack(0x0000000125888000,0x0000000125988000)]
  0x00007fdd23019000 JavaThread "C2 CompilerThread1" daemon [_thread_in_native, id=17155, stack(0x0000000125785000,0x0000000125885000)]
  0x00007fdd23011000 JavaThread "C2 CompilerThread0" daemon [_thread_in_native, id=16643, stack(0x0000000125682000,0x0000000125782000)]
  0x00007fdd24023800 JavaThread "Signal Dispatcher" daemon [_thread_blocked, id=13331, stack(0x000000012557f000,0x000000012567f000)]
  0x00007fdd2381d000 JavaThread "Finalizer" daemon [_thread_blocked, id=11523, stack(0x0000000123c39000,0x0000000123d39000)]
  0x00007fdd23009000 JavaThread "Reference Handler" daemon [_thread_blocked, id=11011, stack(0x0000000123b36000,0x0000000123c36000)]
  0x00007fdd24001000 JavaThread "main" [_thread_blocked, id=4867, stack(0x000000011011d000,0x000000011021d000)]

Other Threads:
  0x00007fdd23004800 VMThread [stack: 0x0000000123a33000,0x0000000123b33000] [id=10499]
  0x00007fdd2300f800 WatcherThread [stack: 0x0000000125a8e000,0x0000000125b8e000] [id=18691]

=>0x00007fdd23806800 (exited) GCTaskThread [stack: 0x000000011f948000,0x000000011fa48000] [id=8451]

VM state:at safepoint (normal execution)

VM Mutex/Monitor currently owned by a thread:  ([mutex/lock_event])
[0x00007fdd22702750] Threads_lock - owner thread: 0x00007fdd23004800
[0x00007fdd22702c50] Heap_lock - owner thread: 0x00007fdd245cc800

Heap:
 PSYoungGen      total 312832K, used 302444K [0x00000007aab00000, 0x00000007c0000000, 0x00000007c0000000)
  eden space 278528K, 100% used [0x00000007aab00000,0x00000007bbb00000,0x00000007bbb00000)
  from space 34304K, 69% used [0x00000007bde80000,0x00000007bf5db188,0x00000007c0000000)
  to   space 35328K, 68% used [0x00000007bbb00000,0x00000007bd290000,0x00000007bdd80000)
 ParOldGen       total 124416K, used 99483K [0x0000000780000000, 0x0000000787980000, 0x00000007aab00000)
  object space 124416K, 79% used [0x0000000780000000,0x0000000786126e68,0x0000000787980000)
 Metaspace       used 82979K, capacity 89304K, committed 89472K, reserved 1124352K
  class space    used 11591K, capacity 13861K, committed 13952K, reserved 1048576K

Card table byte_map: [0x000000011f5f0000,0x000000011f7f1000] byte_map_base: 0x000000011b9f0000

Marking Bits: (ParMarkBitMap*) 0x000000010fa9d390
 Begin Bits: [0x000000011fd53000, 0x0000000120d53000)
 End Bits:   [0x0000000120d53000, 0x0000000121d53000)

Polling page: 0x000000010e9f9000

CodeCache: size=245760Kb used=25814Kb max_used=25814Kb free=219945Kb
 bounds [0x0000000110230000, 0x0000000111b90000, 0x000000011f230000]
 total_blobs=8720 nmethods=8042 adapters=591
 compilation: enabled

Compilation events (10 events):
Event: 555.184 Thread 0x00007fdd23019800 9588       3       sun.nio.cs.FastCharsetProvider::canonicalize (24 bytes)
Event: 555.184 Thread 0x00007fdd23019800 nmethod 9588 0x0000000111b5d2d0 code [0x0000000111b5d460, 0x0000000111b5d7c8]
Event: 555.193 Thread 0x00007fdd23019800 9589       3       java.util.ComparableTimSort::gallopRight (327 bytes)
Event: 555.193 Thread 0x00007fdd23019800 nmethod 9589 0x0000000111b7e850 code [0x0000000111b7ea60, 0x0000000111b7f538]
Event: 555.194 Thread 0x00007fdd23019800 9591       3       org.codehaus.groovy.util.ReferenceManager$1::removeStallEntries (59 bytes)
Event: 555.194 Thread 0x00007fdd23019800 nmethod 9591 0x0000000111b88650 code [0x0000000111b88860, 0x0000000111b895a8]
Event: 555.194 Thread 0x00007fdd23019800 9590       3       org.codehaus.groovy.util.ReferenceManager$1::afterReferenceCreation (5 bytes)
Event: 555.194 Thread 0x00007fdd23019800 nmethod 9590 0x0000000111b5ced0 code [0x0000000111b5d040, 0x0000000111b5d248]
Event: 555.205 Thread 0x00007fdd23019800 9596       3       org.gradle.api.internal.artifacts.configurations.DefaultConfiguration_Decorated::getAsDynamicObject (27 bytes)
Event: 555.205 Thread 0x00007fdd23019800 nmethod 9596 0x0000000111b7dc90 code [0x0000000111b7de60, 0x0000000111b7e438]

GC Heap History (10 events):
Event: 363.354 GC heap after
Heap after GC invocations=16 (full 4):
 PSYoungGen      total 315392K, used 19106K [0x00000007aab00000, 0x00000007c0000000, 0x00000007c0000000)
  eden space 281600K, 0% used [0x00000007aab00000,0x00000007aab00000,0x00000007bbe00000)
  from space 33792K, 56% used [0x00000007bdf00000,0x00000007bf1a8ac8,0x00000007c0000000)
  to   space 33792K, 0% used [0x00000007bbe00000,0x00000007bbe00000,0x00000007bdf00000)
 ParOldGen       total 124416K, used 61474K [0x0000000780000000, 0x0000000787980000, 0x00000007aab00000)
  object space 124416K, 49% used [0x0000000780000000,0x0000000783c08b70,0x0000000787980000)
 Metaspace       used 61174K, capacity 64713K, committed 64768K, reserved 1103872K
  class space    used 8426K, capacity 9705K, committed 9728K, reserved 1048576K
}
Event: 363.354 GC heap before
{Heap before GC invocations=17 (full 5):
 PSYoungGen      total 315392K, used 19106K [0x00000007aab00000, 0x00000007c0000000, 0x00000007c0000000)
  eden space 281600K, 0% used [0x00000007aab00000,0x00000007aab00000,0x00000007bbe00000)
  from space 33792K, 56% used [0x00000007bdf00000,0x00000007bf1a8ac8,0x00000007c0000000)
  to   space 33792K, 0% used [0x00000007bbe00000,0x00000007bbe00000,0x00000007bdf00000)
 ParOldGen       total 124416K, used 61474K [0x0000000780000000, 0x0000000787980000, 0x00000007aab00000)
  object space 124416K, 49% used [0x0000000780000000,0x0000000783c08b70,0x0000000787980000)
 Metaspace       used 61174K, capacity 64713K, committed 64768K, reserved 1103872K
  class space    used 8426K, capacity 9705K, committed 9728K, reserved 1048576K
Event: 363.795 GC heap after
Heap after GC invocations=17 (full 5):
 PSYoungGen      total 315392K, used 0K [0x00000007aab00000, 0x00000007c0000000, 0x00000007c0000000)
  eden space 281600K, 0% used [0x00000007aab00000,0x00000007aab00000,0x00000007bbe00000)
  from space 33792K, 0% used [0x00000007bdf00000,0x00000007bdf00000,0x00000007c0000000)
  to   space 33792K, 0% used [0x00000007bbe00000,0x00000007bbe00000,0x00000007bdf00000)
 ParOldGen       total 124416K, used 79025K [0x0000000780000000, 0x0000000787980000, 0x00000007aab00000)
  object space 124416K, 63% used [0x0000000780000000,0x0000000784d2c658,0x0000000787980000)
 Metaspace       used 61140K, capacity 64599K, committed 64768K, reserved 1103872K
  class space    used 8418K, capacity 9671K, committed 9728K, reserved 1048576K
}
Event: 484.568 GC heap before
{Heap before GC invocations=18 (full 5):
 PSYoungGen      total 315392K, used 242603K [0x00000007aab00000, 0x00000007c0000000, 0x00000007c0000000)
  eden space 281600K, 86% used [0x00000007aab00000,0x00000007b97eae68,0x00000007bbe00000)
  from space 33792K, 0% used [0x00000007bdf00000,0x00000007bdf00000,0x00000007c0000000)
  to   space 33792K, 0% used [0x00000007bbe00000,0x00000007bbe00000,0x00000007bdf00000)
 ParOldGen       total 124416K, used 79025K [0x0000000780000000, 0x0000000787980000, 0x00000007aab00000)
  object space 124416K, 63% used [0x0000000780000000,0x0000000784d2c658,0x0000000787980000)
 Metaspace       used 67743K, capacity 71936K, committed 72192K, reserved 1110016K
  class space    used 9392K, capacity 10931K, committed 11008K, reserved 1048576K
Event: 484.583 GC heap after
Heap after GC invocations=18 (full 5):
 PSYoungGen      total 303616K, used 21912K [0x00000007aab00000, 0x00000007c0000000, 0x00000007c0000000)
  eden space 281600K, 0% used [0x00000007aab00000,0x00000007aab00000,0x00000007bbe00000)
  from space 22016K, 99% used [0x00000007bbe00000,0x00000007bd3663a8,0x00000007bd380000)
  to   space 34304K, 0% used [0x00000007bde80000,0x00000007bde80000,0x00000007c0000000)
 ParOldGen       total 124416K, used 79033K [0x0000000780000000, 0x0000000787980000, 0x00000007aab00000)
  object space 124416K, 63% used [0x0000000780000000,0x0000000784d2e658,0x0000000787980000)
 Metaspace       used 67743K, capacity 71936K, committed 72192K, reserved 1110016K
  class space    used 9392K, capacity 10931K, committed 11008K, reserved 1048576K
}
Event: 484.583 GC heap before
{Heap before GC invocations=19 (full 6):
 PSYoungGen      total 303616K, used 21912K [0x00000007aab00000, 0x00000007c0000000, 0x00000007c0000000)
  eden space 281600K, 0% used [0x00000007aab00000,0x00000007aab00000,0x00000007bbe00000)
  from space 22016K, 99% used [0x00000007bbe00000,0x00000007bd3663a8,0x00000007bd380000)
  to   space 34304K, 0% used [0x00000007bde80000,0x00000007bde80000,0x00000007c0000000)
 ParOldGen       total 124416K, used 79033K [0x0000000780000000, 0x0000000787980000, 0x00000007aab00000)
  object space 124416K, 63% used [0x0000000780000000,0x0000000784d2e658,0x0000000787980000)
 Metaspace       used 67743K, capacity 71936K, committed 72192K, reserved 1110016K
  class space    used 9392K, capacity 10931K, committed 11008K, reserved 1048576K
Event: 485.044 GC heap after
Heap after GC invocations=19 (full 6):
 PSYoungGen      total 303616K, used 0K [0x00000007aab00000, 0x00000007c0000000, 0x00000007c0000000)
  eden space 281600K, 0% used [0x00000007aab00000,0x00000007aab00000,0x00000007bbe00000)
  from space 22016K, 0% used [0x00000007bbe00000,0x00000007bbe00000,0x00000007bd380000)
  to   space 34304K, 0% used [0x00000007bde80000,0x00000007bde80000,0x00000007c0000000)
 ParOldGen       total 124416K, used 99475K [0x0000000780000000, 0x0000000787980000, 0x00000007aab00000)
  object space 124416K, 79% used [0x0000000780000000,0x0000000786124e68,0x0000000787980000)
 Metaspace       used 67710K, capacity 71822K, committed 72192K, reserved 1110016K
  class space    used 9384K, capacity 10897K, committed 11008K, reserved 1048576K
}
Event: 533.040 GC heap before
{Heap before GC invocations=20 (full 6):
 PSYoungGen      total 303616K, used 281600K [0x00000007aab00000, 0x00000007c0000000, 0x00000007c0000000)
  eden space 281600K, 100% used [0x00000007aab00000,0x00000007bbe00000,0x00000007bbe00000)
  from space 22016K, 0% used [0x00000007bbe00000,0x00000007bbe00000,0x00000007bd380000)
  to   space 34304K, 0% used [0x00000007bde80000,0x00000007bde80000,0x00000007c0000000)
 ParOldGen       total 124416K, used 99475K [0x0000000780000000, 0x0000000787980000, 0x00000007aab00000)
  object space 124416K, 79% used [0x0000000780000000,0x0000000786124e68,0x0000000787980000)
 Metaspace       used 74376K, capacity 79623K, committed 79872K, reserved 1116160K
  class space    used 10375K, capacity 12273K, committed 12288K, reserved 1048576K
Event: 533.058 GC heap after
Heap after GC invocations=20 (full 6):
 PSYoungGen      total 312832K, used 23916K [0x00000007aab00000, 0x00000007c0000000, 0x00000007c0000000)
  eden space 278528K, 0% used [0x00000007aab00000,0x00000007aab00000,0x00000007bbb00000)
  from space 34304K, 69% used [0x00000007bde80000,0x00000007bf5db188,0x00000007c0000000)
  to   space 35328K, 0% used [0x00000007bbb00000,0x00000007bbb00000,0x00000007bdd80000)
 ParOldGen       total 124416K, used 99483K [0x0000000780000000, 0x0000000787980000, 0x00000007aab00000)
  object space 124416K, 79% used [0x0000000780000000,0x0000000786126e68,0x0000000787980000)
 Metaspace       used 74376K, capacity 79623K, committed 79872K, reserved 1116160K
  class space    used 10375K, capacity 12273K, committed 12288K, reserved 1048576K
}
Event: 555.226 GC heap before
{Heap before GC invocations=21 (full 6):
 PSYoungGen      total 312832K, used 302444K [0x00000007aab00000, 0x00000007c0000000, 0x00000007c0000000)
  eden space 278528K, 100% used [0x00000007aab00000,0x00000007bbb00000,0x00000007bbb00000)
  from space 34304K, 69% used [0x00000007bde80000,0x00000007bf5db188,0x00000007c0000000)
  to   space 35328K, 0% used [0x00000007bbb00000,0x00000007bbb00000,0x00000007bdd80000)
 ParOldGen       total 124416K, used 99483K [0x0000000780000000, 0x0000000787980000, 0x00000007aab00000)
  object space 124416K, 79% used [0x0000000780000000,0x0000000786126e68,0x0000000787980000)
 Metaspace       used 82979K, capacity 89304K, committed 89472K, reserved 1124352K
  class space    used 11591K, capacity 13861K, committed 13952K, reserved 1048576K

Deoptimization events (10 events):
Event: 360.312 Thread 0x00007fdd26229800 Uncommon trap: reason=null_check action=make_not_entrant pc=0x000000011077278c method=groovy.lang.MetaClassImpl.distanceToObject(Ljava/lang/Class;)I @ 7
Event: 363.175 Thread 0x00007fdd26229800 Uncommon trap: reason=class_check action=maybe_recompile pc=0x00000001113d411c method=java.util.AbstractList$Itr.next()Ljava/lang/Object; @ 14
Event: 483.580 Thread 0x00007fdd245cc800 Uncommon trap: reason=predicate action=maybe_recompile pc=0x0000000111819c4c method=java.util.ComparableTimSort.binarySort([Ljava/lang/Object;III)V @ 37
Event: 483.644 Thread 0x00007fdd245cc800 Uncommon trap: reason=array_check action=maybe_recompile pc=0x00000001113cf020 method=java.util.ComparableTimSort.binarySort([Ljava/lang/Object;III)V @ 215
Event: 484.375 Thread 0x00007fdd245cc800 Uncommon trap: reason=array_check action=maybe_recompile pc=0x0000000110aa57e8 method=java.util.ComparableTimSort.binarySort([Ljava/lang/Object;III)V @ 183
Event: 513.549 Thread 0x00007fdd245cc800 Uncommon trap: reason=array_check action=maybe_recompile pc=0x0000000110aa57e8 method=java.util.ComparableTimSort.binarySort([Ljava/lang/Object;III)V @ 183
Event: 513.549 Thread 0x00007fdd245cc800 Uncommon trap: reason=array_check action=maybe_recompile pc=0x0000000110aa572c method=java.util.ComparableTimSort.binarySort([Ljava/lang/Object;III)V @ 193
Event: 513.558 Thread 0x00007fdd245cc800 Uncommon trap: reason=array_check action=maybe_recompile pc=0x0000000110aa57e8 method=java.util.ComparableTimSort.binarySort([Ljava/lang/Object;III)V @ 183
Event: 533.355 Thread 0x00007fdd245cc800 Uncommon trap: reason=null_check action=make_not_entrant pc=0x0000000111a739bc method=java.beans.PropertyDescriptor.findPropertyType(Ljava/lang/reflect/Method;Ljava/lang/reflect/Method;)Ljava/lang/Class; @ 157
Event: 533.356 Thread 0x00007fdd245cc800 Uncommon trap: reason=null_check action=make_not_entrant pc=0x0000000111a357bc method=java.beans.PropertyDescriptor.findPropertyType(Ljava/lang/reflect/Method;Ljava/lang/reflect/Method;)Ljava/lang/Class; @ 157

Internal exceptions (10 events):
Event: 555.219 Thread 0x00007fdd245cc800 Exception <a 'java/lang/ClassNotFoundException': com/android/build/gradle/internal/dsl/GroupableProductFlavorFactoryCustomizer> (0x00000007bba328f0) thrown at [/HUDSON3/workspace/8-2-build-macosx-x86_64/jdk8u25/1514/hotspot/src/share/vm/classfile/systemDi
Event: 555.220 Thread 0x00007fdd245cc800 Exception <a 'java/security/PrivilegedActionException'> (0x00000007bba42480) thrown at [/HUDSON3/workspace/8-2-build-macosx-x86_64/jdk8u25/1514/hotspot/src/share/vm/prims/jvm.cpp, line 1312]
Event: 555.220 Thread 0x00007fdd245cc800 Exception <a 'java/security/PrivilegedActionException'> (0x00000007bba43848) thrown at [/HUDSON3/workspace/8-2-build-macosx-x86_64/jdk8u25/1514/hotspot/src/share/vm/prims/jvm.cpp, line 1312]
Event: 555.220 Thread 0x00007fdd245cc800 Exception <a 'java/security/PrivilegedActionException'> (0x00000007bba4c3f0) thrown at [/HUDSON3/workspace/8-2-build-macosx-x86_64/jdk8u25/1514/hotspot/src/share/vm/prims/jvm.cpp, line 1312]
Event: 555.221 Thread 0x00007fdd245cc800 Exception <a 'java/security/PrivilegedActionException'> (0x00000007bba5df20) thrown at [/HUDSON3/workspace/8-2-build-macosx-x86_64/jdk8u25/1514/hotspot/src/share/vm/prims/jvm.cpp, line 1312]
Event: 555.221 Thread 0x00007fdd245cc800 Exception <a 'java/security/PrivilegedActionException'> (0x00000007bba631f8) thrown at [/HUDSON3/workspace/8-2-build-macosx-x86_64/jdk8u25/1514/hotspot/src/share/vm/prims/jvm.cpp, line 1312]
Event: 555.221 Thread 0x00007fdd245cc800 Exception <a 'java/lang/ClassNotFoundException': com/android/build/gradle/internal/dsl/SigningConfigFactoryBeanInfo> (0x00000007bba63910) thrown at [/HUDSON3/workspace/8-2-build-macosx-x86_64/jdk8u25/1514/hotspot/src/share/vm/classfile/systemDictionary.cp
Event: 555.221 Thread 0x00007fdd245cc800 Exception <a 'java/security/PrivilegedActionException'> (0x00000007bba69270) thrown at [/HUDSON3/workspace/8-2-build-macosx-x86_64/jdk8u25/1514/hotspot/src/share/vm/prims/jvm.cpp, line 1312]
Event: 555.221 Thread 0x00007fdd245cc800 Exception <a 'java/security/PrivilegedActionException'> (0x00000007bba6e850) thrown at [/HUDSON3/workspace/8-2-build-macosx-x86_64/jdk8u25/1514/hotspot/src/share/vm/prims/jvm.cpp, line 1312]
Event: 555.221 Thread 0x00007fdd245cc800 Exception <a 'java/lang/ClassNotFoundException': com/android/build/gradle/internal/dsl/SigningConfigFactoryCustomizer> (0x00000007bba6ef68) thrown at [/HUDSON3/workspace/8-2-build-macosx-x86_64/jdk8u25/1514/hotspot/src/share/vm/classfile/systemDictionary.

Events (10 events):
Event: 555.219 loading class com/android/build/gradle/internal/dsl/GroupableProductFlavorFactoryBeanInfo done
Event: 555.219 loading class com/android/build/gradle/internal/dsl/GroupableProductFlavorFactoryCustomizer
Event: 555.219 loading class com/android/build/gradle/internal/dsl/GroupableProductFlavorFactoryCustomizer done
Event: 555.220 loading class groovy/runtime/metaclass/com/android/build/gradle/internal/dsl/SigningConfigFactoryMetaClass
Event: 555.220 loading class groovy/runtime/metaclass/com/android/build/gradle/internal/dsl/SigningConfigFactoryMetaClass done
Event: 555.221 loading class com/android/build/gradle/internal/dsl/SigningConfigFactoryBeanInfo
Event: 555.221 loading class com/android/build/gradle/internal/dsl/SigningConfigFactoryBeanInfo done
Event: 555.221 loading class com/android/build/gradle/internal/dsl/SigningConfigFactoryCustomizer
Event: 555.221 loading class com/android/build/gradle/internal/dsl/SigningConfigFactoryCustomizer done
Event: 555.226 Executing VM operation: ParallelGCFailedAllocation


Dynamic libraries:
0x0000000004362000 	/System/Library/Frameworks/Cocoa.framework/Versions/A/Cocoa
0x0000000004362000 	/System/Library/Frameworks/Security.framework/Versions/A/Security
0x0000000004362000 	/System/Library/Frameworks/ApplicationServices.framework/Versions/A/ApplicationServices
0x0000000004362000 	/usr/lib/libz.1.dylib
0x0000000004362000 	/usr/lib/libSystem.B.dylib
0x0000000004362000 	/usr/lib/libobjc.A.dylib
0x0000000004362000 	/System/Library/Frameworks/CoreFoundation.framework/Versions/A/CoreFoundation
0x0000000004362000 	/System/Library/Frameworks/Foundation.framework/Versions/C/Foundation
0x0000000004362000 	/System/Library/Frameworks/AppKit.framework/Versions/C/AppKit
0x0000000004362000 	/System/Library/Frameworks/CoreData.framework/Versions/A/CoreData
0x0000000004362000 	/System/Library/PrivateFrameworks/RemoteViewServices.framework/Versions/A/RemoteViewServices
0x0000000004362000 	/System/Library/PrivateFrameworks/UIFoundation.framework/Versions/A/UIFoundation
0x0000000004362000 	/System/Library/Frameworks/IOSurface.framework/Versions/A/IOSurface
0x0000000004362000 	/System/Library/Frameworks/AudioToolbox.framework/Versions/A/AudioToolbox
0x0000000004362000 	/System/Library/Frameworks/AudioUnit.framework/Versions/A/AudioUnit
0x0000000004362000 	/System/Library/PrivateFrameworks/DataDetectorsCore.framework/Versions/A/DataDetectorsCore
0x0000000004362000 	/System/Library/PrivateFrameworks/DesktopServicesPriv.framework/Versions/A/DesktopServicesPriv
0x0000000004362000 	/System/Library/Frameworks/Carbon.framework/Versions/A/Frameworks/HIToolbox.framework/Versions/A/HIToolbox
0x0000000004362000 	/System/Library/Frameworks/QuartzCore.framework/Versions/A/QuartzCore
0x0000000004362000 	/System/Library/Frameworks/Carbon.framework/Versions/A/Frameworks/SpeechRecognition.framework/Versions/A/SpeechRecognition
0x0000000004362000 	/usr/lib/libauto.dylib
0x0000000004362000 	/usr/lib/libicucore.A.dylib
0x0000000004362000 	/usr/lib/libxml2.2.dylib
0x0000000004362000 	/System/Library/PrivateFrameworks/CoreUI.framework/Versions/A/CoreUI
0x0000000004362000 	/System/Library/Frameworks/CoreAudio.framework/Versions/A/CoreAudio
0x0000000004362000 	/System/Library/Frameworks/DiskArbitration.framework/Versions/A/DiskArbitration
0x0000000004362000 	/usr/lib/liblangid.dylib
0x0000000004362000 	/System/Library/PrivateFrameworks/MultitouchSupport.framework/Versions/A/MultitouchSupport
0x0000000004362000 	/System/Library/Frameworks/IOKit.framework/Versions/A/IOKit
0x0000000004362000 	/usr/lib/libDiagnosticMessagesClient.dylib
0x0000000004362000 	/System/Library/Frameworks/CoreServices.framework/Versions/A/CoreServices
0x0000000004362000 	/System/Library/PrivateFrameworks/PerformanceAnalysis.framework/Versions/A/PerformanceAnalysis
0x0000000004362000 	/System/Library/PrivateFrameworks/GenerationalStorage.framework/Versions/A/GenerationalStorage
0x0000000004362000 	/System/Library/Frameworks/OpenGL.framework/Versions/A/OpenGL
0x0000000004362000 	/System/Library/PrivateFrameworks/Sharing.framework/Versions/A/Sharing
0x0000000004362000 	/System/Library/Frameworks/CoreGraphics.framework/Versions/A/CoreGraphics
0x0000000004362000 	/System/Library/Frameworks/CoreText.framework/Versions/A/CoreText
0x0000000004362000 	/System/Library/Frameworks/ImageIO.framework/Versions/A/ImageIO
0x0000000004362000 	/usr/lib/libextension.dylib
0x0000000004362000 	/System/Library/PrivateFrameworks/Backup.framework/Versions/A/Backup
0x0000000004362000 	/usr/lib/libarchive.2.dylib
0x0000000004362000 	/System/Library/Frameworks/CFNetwork.framework/Versions/A/CFNetwork
0x0000000004362000 	/System/Library/Frameworks/SystemConfiguration.framework/Versions/A/SystemConfiguration
0x0000000004362000 	/usr/lib/libCRFSuite.dylib
0x0000000004362000 	/usr/lib/libc++.1.dylib
0x0000000004362000 	/usr/lib/libc++abi.dylib
0x0000000004362000 	/usr/lib/system/libcache.dylib
0x0000000004362000 	/usr/lib/system/libcommonCrypto.dylib
0x0000000004362000 	/usr/lib/system/libcompiler_rt.dylib
0x0000000004362000 	/usr/lib/system/libcopyfile.dylib
0x0000000004362000 	/usr/lib/system/libcorecrypto.dylib
0x0000000004362000 	/usr/lib/system/libdispatch.dylib
0x0000000004362000 	/usr/lib/system/libdyld.dylib
0x0000000004362000 	/usr/lib/system/libkeymgr.dylib
0x0000000004362000 	/usr/lib/system/liblaunch.dylib
0x0000000004362000 	/usr/lib/system/libmacho.dylib
0x0000000004362000 	/usr/lib/system/libquarantine.dylib
0x0000000004362000 	/usr/lib/system/libremovefile.dylib
0x0000000004362000 	/usr/lib/system/libsystem_asl.dylib
0x0000000004362000 	/usr/lib/system/libsystem_blocks.dylib
0x0000000004362000 	/usr/lib/system/libsystem_c.dylib
0x0000000004362000 	/usr/lib/system/libsystem_configuration.dylib
0x0000000004362000 	/usr/lib/system/libsystem_coreservices.dylib
0x0000000004362000 	/usr/lib/system/libsystem_coretls.dylib
0x0000000004362000 	/usr/lib/system/libsystem_dnssd.dylib
0x0000000004362000 	/usr/lib/system/libsystem_info.dylib
0x0000000004362000 	/usr/lib/system/libsystem_kernel.dylib
0x0000000004362000 	/usr/lib/system/libsystem_m.dylib
0x0000000004362000 	/usr/lib/system/libsystem_malloc.dylib
0x0000000004362000 	/usr/lib/system/libsystem_network.dylib
0x0000000004362000 	/usr/lib/system/libsystem_networkextension.dylib
0x0000000004362000 	/usr/lib/system/libsystem_notify.dylib
0x0000000004362000 	/usr/lib/system/libsystem_platform.dylib
0x0000000004362000 	/usr/lib/system/libsystem_pthread.dylib
0x0000000004362000 	/usr/lib/system/libsystem_sandbox.dylib
0x0000000004362000 	/usr/lib/system/libsystem_secinit.dylib
0x0000000004362000 	/usr/lib/system/libsystem_stats.dylib
0x0000000004362000 	/usr/lib/system/libsystem_trace.dylib
0x0000000004362000 	/usr/lib/system/libunc.dylib
0x0000000004362000 	/usr/lib/system/libunwind.dylib
0x0000000004362000 	/usr/lib/system/libxpc.dylib
0x0000000004362000 	/usr/lib/libbz2.1.0.dylib
0x0000000004362000 	/usr/lib/liblzma.5.dylib
0x0000000004362000 	/usr/lib/libbsm.0.dylib
0x0000000004362000 	/usr/lib/libsqlite3.dylib
0x0000000004362000 	/usr/lib/system/libkxld.dylib
0x0000000004362000 	/usr/lib/libxar.1.dylib
0x0000000004362000 	/usr/lib/libpam.2.dylib
0x0000000004362000 	/usr/lib/libOpenScriptingUtil.dylib
0x0000000004362000 	/System/Library/Frameworks/CoreServices.framework/Versions/A/Frameworks/FSEvents.framework/Versions/A/FSEvents
0x0000000004362000 	/System/Library/Frameworks/CoreServices.framework/Versions/A/Frameworks/CarbonCore.framework/Versions/A/CarbonCore
0x0000000004362000 	/System/Library/Frameworks/CoreServices.framework/Versions/A/Frameworks/Metadata.framework/Versions/A/Metadata
0x0000000004362000 	/System/Library/Frameworks/CoreServices.framework/Versions/A/Frameworks/OSServices.framework/Versions/A/OSServices
0x0000000004362000 	/System/Library/Frameworks/CoreServices.framework/Versions/A/Frameworks/SearchKit.framework/Versions/A/SearchKit
0x0000000004362000 	/System/Library/Frameworks/CoreServices.framework/Versions/A/Frameworks/AE.framework/Versions/A/AE
0x0000000004362000 	/System/Library/Frameworks/CoreServices.framework/Versions/A/Frameworks/LaunchServices.framework/Versions/A/LaunchServices
0x0000000004362000 	/System/Library/Frameworks/CoreServices.framework/Versions/A/Frameworks/DictionaryServices.framework/Versions/A/DictionaryServices
0x0000000004362000 	/System/Library/Frameworks/NetFS.framework/Versions/A/NetFS
0x0000000004362000 	/System/Library/PrivateFrameworks/NetAuth.framework/Versions/A/NetAuth
0x0000000004362000 	/System/Library/PrivateFrameworks/login.framework/Versions/A/Frameworks/loginsupport.framework/Versions/A/loginsupport
0x0000000004362000 	/System/Library/PrivateFrameworks/TCC.framework/Versions/A/TCC
0x0000000004362000 	/usr/lib/libmecabra.dylib
0x0000000004362000 	/System/Library/PrivateFrameworks/LanguageModeling.framework/Versions/A/LanguageModeling
0x0000000004362000 	/usr/lib/libcmph.dylib
0x0000000004362000 	/usr/lib/libiconv.2.dylib
0x0000000004362000 	/System/Library/Frameworks/OpenDirectory.framework/Versions/A/Frameworks/CFOpenDirectory.framework/Versions/A/CFOpenDirectory
0x0000000004362000 	/System/Library/Frameworks/ServiceManagement.framework/Versions/A/ServiceManagement
0x0000000004362000 	/usr/lib/libxslt.1.dylib
0x0000000004362000 	/System/Library/Frameworks/Carbon.framework/Versions/A/Frameworks/Ink.framework/Versions/A/Ink
0x0000000004362000 	/System/Library/Frameworks/ApplicationServices.framework/Versions/A/Frameworks/ATS.framework/Versions/A/ATS
0x0000000004362000 	/System/Library/Frameworks/ApplicationServices.framework/Versions/A/Frameworks/ColorSync.framework/Versions/A/ColorSync
0x0000000004362000 	/System/Library/Frameworks/ApplicationServices.framework/Versions/A/Frameworks/HIServices.framework/Versions/A/HIServices
0x0000000004362000 	/System/Library/Frameworks/ApplicationServices.framework/Versions/A/Frameworks/LangAnalysis.framework/Versions/A/LangAnalysis
0x0000000004362000 	/System/Library/Frameworks/ApplicationServices.framework/Versions/A/Frameworks/PrintCore.framework/Versions/A/PrintCore
0x0000000004362000 	/System/Library/Frameworks/ApplicationServices.framework/Versions/A/Frameworks/QD.framework/Versions/A/QD
0x0000000004362000 	/System/Library/Frameworks/ApplicationServices.framework/Versions/A/Frameworks/SpeechSynthesis.framework/Versions/A/SpeechSynthesis
0x0000000004362000 	/System/Library/Frameworks/Accelerate.framework/Versions/A/Accelerate
0x0000000004362000 	/System/Library/Frameworks/Accelerate.framework/Versions/A/Frameworks/vImage.framework/Versions/A/vImage
0x0000000004362000 	/System/Library/Frameworks/Accelerate.framework/Versions/A/Frameworks/vecLib.framework/Versions/A/vecLib
0x0000000004362000 	/System/Library/Frameworks/Accelerate.framework/Versions/A/Frameworks/vecLib.framework/Versions/A/libvDSP.dylib
0x0000000004362000 	/System/Library/Frameworks/Accelerate.framework/Versions/A/Frameworks/vecLib.framework/Versions/A/libvMisc.dylib
0x0000000004362000 	/System/Library/Frameworks/Accelerate.framework/Versions/A/Frameworks/vecLib.framework/Versions/A/libLAPACK.dylib
0x0000000004362000 	/System/Library/Frameworks/Accelerate.framework/Versions/A/Frameworks/vecLib.framework/Versions/A/libBLAS.dylib
0x0000000004362000 	/System/Library/Frameworks/Accelerate.framework/Versions/A/Frameworks/vecLib.framework/Versions/A/libLinearAlgebra.dylib
0x0000000004362000 	/System/Library/Frameworks/ApplicationServices.framework/Versions/A/Frameworks/ATS.framework/Versions/A/Resources/libFontParser.dylib
0x0000000004362000 	/System/Library/Frameworks/ApplicationServices.framework/Versions/A/Frameworks/ATS.framework/Versions/A/Resources/libFontRegistry.dylib
0x0000000004362000 	/System/Library/PrivateFrameworks/AppleVPA.framework/Versions/A/AppleVPA
0x0000000004362000 	/System/Library/PrivateFrameworks/AppleJPEG.framework/Versions/A/AppleJPEG
0x0000000004362000 	/System/Library/Frameworks/ImageIO.framework/Versions/A/Resources/libJPEG.dylib
0x0000000004362000 	/System/Library/Frameworks/ImageIO.framework/Versions/A/Resources/libTIFF.dylib
0x0000000004362000 	/System/Library/Frameworks/ImageIO.framework/Versions/A/Resources/libPng.dylib
0x0000000004362000 	/System/Library/Frameworks/ImageIO.framework/Versions/A/Resources/libGIF.dylib
0x0000000004362000 	/System/Library/Frameworks/ImageIO.framework/Versions/A/Resources/libJP2.dylib
0x0000000004362000 	/System/Library/Frameworks/ImageIO.framework/Versions/A/Resources/libRadiance.dylib
0x0000000004362000 	/System/Library/Frameworks/CoreVideo.framework/Versions/A/CoreVideo
0x0000000004362000 	/System/Library/Frameworks/OpenGL.framework/Versions/A/Libraries/libGLU.dylib
0x0000000004362000 	/System/Library/Frameworks/OpenGL.framework/Versions/A/Libraries/libGFXShared.dylib
0x0000000004362000 	/System/Library/Frameworks/OpenGL.framework/Versions/A/Libraries/libGL.dylib
0x0000000004362000 	/System/Library/Frameworks/OpenGL.framework/Versions/A/Libraries/libGLImage.dylib
0x0000000004362000 	/System/Library/Frameworks/OpenGL.framework/Versions/A/Libraries/libCVMSPluginSupport.dylib
0x0000000004362000 	/System/Library/Frameworks/OpenGL.framework/Versions/A/Libraries/libCoreVMClient.dylib
0x0000000004362000 	/usr/lib/libcups.2.dylib
0x0000000004362000 	/System/Library/Frameworks/Kerberos.framework/Versions/A/Kerberos
0x0000000004362000 	/System/Library/Frameworks/GSS.framework/Versions/A/GSS
0x0000000004362000 	/usr/lib/libresolv.9.dylib
0x0000000004362000 	/System/Library/PrivateFrameworks/Heimdal.framework/Versions/A/Heimdal
0x0000000004362000 	/usr/lib/libheimdal-asn1.dylib
0x0000000004362000 	/System/Library/Frameworks/OpenDirectory.framework/Versions/A/OpenDirectory
0x0000000004362000 	/System/Library/PrivateFrameworks/CommonAuth.framework/Versions/A/CommonAuth
0x0000000004362000 	/System/Library/Frameworks/SecurityFoundation.framework/Versions/A/SecurityFoundation
0x0000000004362000 	/System/Library/Frameworks/QuartzCore.framework/Versions/A/Frameworks/CoreImage.framework/Versions/A/CoreImage
0x0000000004362000 	/System/Library/PrivateFrameworks/CrashReporterSupport.framework/Versions/A/CrashReporterSupport
0x0000000004362000 	/System/Library/Frameworks/OpenCL.framework/Versions/A/OpenCL
0x0000000004362000 	/System/Library/PrivateFrameworks/FaceCore.framework/Versions/A/FaceCore
0x0000000004362000 	/System/Library/PrivateFrameworks/Ubiquity.framework/Versions/A/Ubiquity
0x0000000004362000 	/System/Library/PrivateFrameworks/IconServices.framework/Versions/A/IconServices
0x0000000004362000 	/System/Library/PrivateFrameworks/ChunkingLibrary.framework/Versions/A/ChunkingLibrary
0x0000000004362000 	/System/Library/PrivateFrameworks/Apple80211.framework/Versions/A/Apple80211
0x0000000004362000 	/System/Library/Frameworks/CoreWLAN.framework/Versions/A/CoreWLAN
0x0000000004362000 	/System/Library/Frameworks/IOBluetooth.framework/Versions/A/IOBluetooth
0x0000000004362000 	/System/Library/PrivateFrameworks/CoreWiFi.framework/Versions/A/CoreWiFi
0x0000000004362000 	/System/Library/Frameworks/CoreBluetooth.framework/Versions/A/CoreBluetooth
0x0000000004362000 	/System/Library/PrivateFrameworks/DebugSymbols.framework/Versions/A/DebugSymbols
0x0000000004362000 	/System/Library/PrivateFrameworks/CoreSymbolication.framework/Versions/A/CoreSymbolication
0x0000000004362000 	/System/Library/PrivateFrameworks/Symbolication.framework/Versions/A/Symbolication
0x0000000004362000 	/System/Library/PrivateFrameworks/SpeechRecognitionCore.framework/Versions/A/SpeechRecognitionCore
0x000000010f200000 	/Library/Java/JavaVirtualMachines/jdk1.8.0_25.jdk/Contents/Home/jre/lib/server/libjvm.dylib
0x0000000004362000 	/usr/lib/libstdc++.6.dylib
0x000000010e9b7000 	/Library/Java/JavaVirtualMachines/jdk1.8.0_25.jdk/Contents/Home/jre/lib/libverify.dylib
0x000000010e9c5000 	/Library/Java/JavaVirtualMachines/jdk1.8.0_25.jdk/Contents/Home/jre/lib/libjava.dylib
0x0000000110227000 	/Library/Java/JavaVirtualMachines/jdk1.8.0_25.jdk/Contents/Home/jre/lib/libzip.dylib
0x0000000123d3b000 	/System/Library/Frameworks/JavaVM.framework/Frameworks/JavaRuntimeSupport.framework/JavaRuntimeSupport
0x0000000123d53000 	/System/Library/Frameworks/JavaVM.framework/Versions/A/Frameworks/JavaNativeFoundation.framework/Versions/A/JavaNativeFoundation
0x0000000123d68000 	/System/Library/Frameworks/JavaVM.framework/Versions/A/JavaVM
0x0000000004362000 	/System/Library/Frameworks/Carbon.framework/Versions/A/Carbon
0x0000000123d75000 	/System/Library/PrivateFrameworks/JavaLaunching.framework/Versions/A/JavaLaunching
0x0000000004362000 	/System/Library/Frameworks/Carbon.framework/Versions/A/Frameworks/CommonPanels.framework/Versions/A/CommonPanels
0x0000000004362000 	/System/Library/Frameworks/Carbon.framework/Versions/A/Frameworks/Help.framework/Versions/A/Help
0x0000000004362000 	/System/Library/Frameworks/Carbon.framework/Versions/A/Frameworks/ImageCapture.framework/Versions/A/ImageCapture
0x0000000004362000 	/System/Library/Frameworks/Carbon.framework/Versions/A/Frameworks/OpenScripting.framework/Versions/A/OpenScripting
0x0000000004362000 	/System/Library/Frameworks/Carbon.framework/Versions/A/Frameworks/Print.framework/Versions/A/Print
0x0000000004362000 	/System/Library/Frameworks/Carbon.framework/Versions/A/Frameworks/SecurityHI.framework/Versions/A/SecurityHI
0x00000001262ba000 	/private/var/folders/8f/bfbvwnn511vgzck5058n8x2w0000gn/T/native-platform3017396254882291308dir/libnative-platform.dylib
0x00000001262bf000 	/Library/Java/JavaVirtualMachines/jdk1.8.0_25.jdk/Contents/Home/jre/lib/libnet.dylib
0x00000001262d6000 	/Library/Java/JavaVirtualMachines/jdk1.8.0_25.jdk/Contents/Home/jre/lib/libnio.dylib

VM Arguments:
jvm_args: -XX:MaxPermSize=256m -XX:+HeapDumpOnOutOfMemoryError -Xmx1024m -Dfile.encoding=UTF-8 -Duser.country=SE -Duser.language=sv -Duser.variant 
java_command: org.gradle.launcher.daemon.bootstrap.GradleDaemon 2.2.1 /Users/Marcus/.gradle/daemon 10800000 240054b5-7bdf-4857-a1bc-663ab87d57ef -XX:MaxPermSize=256m -XX:+HeapDumpOnOutOfMemoryError -Xmx1024m -Dfile.encoding=UTF-8 -Duser.country=SE -Duser.language=sv -Duser.variant
java_class_path (initial): /Applications/Android Studio.app/Contents/gradle/gradle-2.2.1/lib/gradle-launcher-2.2.1.jar
Launcher Type: SUN_STANDARD

Environment Variables:
PATH=/usr/bin:/bin:/usr/sbin:/sbin
SHELL=/bin/bash

Signal Handlers:
SIGSEGV: [libjvm.dylib+0x579dc7], sa_mask[0]=11111111011111110111111111111111, sa_flags=SA_ONSTACK|SA_RESTART|SA_SIGINFO
SIGBUS: [libjvm.dylib+0x579dc7], sa_mask[0]=11111111011111110111111111111111, sa_flags=SA_RESTART|SA_SIGINFO
SIGFPE: [libjvm.dylib+0x45b030], sa_mask[0]=11111111011111110111111111111111, sa_flags=SA_RESTART|SA_SIGINFO
SIGPIPE: [libjvm.dylib+0x45b030], sa_mask[0]=11111111011111110111111111111111, sa_flags=SA_RESTART|SA_SIGINFO
SIGXFSZ: [libjvm.dylib+0x45b030], sa_mask[0]=11111111011111110111111111111111, sa_flags=SA_RESTART|SA_SIGINFO
SIGILL: [libjvm.dylib+0x45b030], sa_mask[0]=11111111011111110111111111111111, sa_flags=SA_RESTART|SA_SIGINFO
SIGUSR1: SIG_DFL, sa_mask[0]=00000000000000000000000000000000, sa_flags=none
SIGUSR2: [libjvm.dylib+0x45ab4e], sa_mask[0]=00100000000000000000000000000000, sa_flags=SA_RESTART|SA_SIGINFO
SIGHUP: [libjvm.dylib+0x459121], sa_mask[0]=11111111011111110111111111111111, sa_flags=SA_RESTART|SA_SIGINFO
SIGINT: [libjvm.dylib+0x459121], sa_mask[0]=11111111011111110111111111111111, sa_flags=SA_RESTART|SA_SIGINFO
SIGTERM: [libjvm.dylib+0x459121], sa_mask[0]=11111111011111110111111111111111, sa_flags=SA_RESTART|SA_SIGINFO
SIGQUIT: [libjvm.dylib+0x459121], sa_mask[0]=11111111011111110111111111111111, sa_flags=SA_RESTART|SA_SIGINFO


---------------  S Y S T E M  ---------------

OS:Bsduname:Darwin 14.0.0 Darwin Kernel Version 14.0.0: Fri Sep 19 00:26:44 PDT 2014; root:xnu-2782.1.97~2/RELEASE_X86_64 x86_64
rlimit: STACK 8192k, CORE 0k, NPROC 709, NOFILE 10240, AS infinity
load average:2.04 1.79 1.56

CPU:total 4 (4 cores per cpu, 1 threads per core) family 6 model 58 stepping 9, cmov, cx8, fxsr, mmx, sse, sse2, sse3, ssse3, sse4.1, sse4.2, popcnt, avx, aes, clmul, erms, tsc, tscinvbit, tscinv

Memory: 4k page, physical 8388608k(331824k free)

/proc/meminfo:


vm_info: Java HotSpot(TM) 64-Bit Server VM (25.25-b02) for bsd-amd64 JRE (1.8.0_25-b17), built on Sep 17 2014 16:56:50 by "java_re" with gcc 4.2.1 (Based on Apple Inc. build 5658) (LLVM build 2336.11.00)

time: Mon Jan 26 15:33:21 2015
elapsed time: 555 seconds (0d 0h 9m 15s)

