#
# A fatal error has been detected by the Java Runtime Environment:
#
#  SIGSEGV (0xb) at pc=0x000000010ef2032d, pid=1924, tid=9475
#
# JRE version: Java(TM) SE Runtime Environment (8.0_25-b17) (build 1.8.0_25-b17)
# Java VM: Java HotSpot(TM) 64-Bit Server VM (25.25-b02 mixed mode bsd-amd64 compressed oops)
# Problematic frame:
# V  [libjvm.dylib+0x49832d]
#
# Failed to write core dump. Core dumps have been disabled. To enable core dumping, try "ulimit -c unlimited" before starting Java again
#
# If you would like to submit a bug report, please visit:
#   http://bugreport.sun.com/bugreport/crash.jsp
#

---------------  T H R E A D  ---------------

Current thread (0x00007fd28c00f000):  GCTaskThread [stack: 0x000000011fc32000,0x000000011fd32000] [id=9475]

siginfo: si_signo: 11 (SIGSEGV), si_code: 1 (SEGV_MAPERR), si_addr: 0x0000000000000000

Registers:
RAX=0x0000000000000000, RBX=0x0000000000000000, RCX=0x0000000000000003, RDX=0x0000000000000001
RSP=0x000000011fd31be0, RBP=0x000000011fd31c40, RSI=0x00000007b789d000, RDI=0x00000007c00191d0
R8 =0x000000010f325750, R9 =0x00000007bccdae10, R10=0x00000007bcce2e10, R11=0x0000000005467c58
R12=0x000000010f31c566, R13=0x00000007bccdfb8d, R14=0x00007fd28c805380, R15=0x0000000000000003
RIP=0x000000010ef2032d, EFLAGS=0x0000000000010246, ERR=0x0000000000000004
  TRAPNO=0x000000000000000e

Top of Stack: (sp=0x000000011fd31be0)
0x000000011fd31be0:   0000000000000000 00000007b789d000
0x000000011fd31bf0:   00000007bccdae10 0000000000001000
0x000000011fd31c00:   0000000000000000 0000000000000000
0x000000011fd31c10:   0000000000000009 00000007bccdfb8d
0x000000011fd31c20:   000000010f31c566 00000007bccdfb8d
0x000000011fd31c30:   00000007bccdfb8c 00007fd28c805418
0x000000011fd31c40:   000000011fd31c60 000000010ef20737
0x000000011fd31c50:   00007fd28c805380 00007fd28c8053e0
0x000000011fd31c60:   000000011fd31cc0 000000010ef1f8f1
0x000000011fd31c70:   0000000781f6996c 00000007c0001938
0x000000011fd31c80:   00000007bccdfb8d 00000007c0001938
0x000000011fd31c90:   00007fd28c805380 0000000781f69a10
0x000000011fd31ca0:   000000011f6e3b4d 0000000781f69a00
0x000000011fd31cb0:   000000011f6e3b81 0000000000000240
0x000000011fd31cc0:   000000011fd31d80 000000010ebd962e
0x000000011fd31cd0:   000000000000ca00 0000000000000200
0x000000011fd31ce0:   fffffffee090aef6 0000000000000100
0x000000011fd31cf0:   000000011f6f5108 000000011bad4100
0x000000011fd31d00:   000000011f6f5109 0000000003c0fa00
0x000000011fd31d10:   fffffffee091c47f 0000000003c21109
0x000000011fd31d20:   000000011f6e3b80 000000011f6e3b01
0x000000011fd31d30:   0000000784221088 0000000781f70020
0x000000011fd31d40:   00007fd28af05490 00007fd28c805380
0x000000011fd31d50:   00007fd28af05210 00007fd28af0c380
0x000000011fd31d60:   0000000000000000 000000010f05cb0b
0x000000011fd31d70:   00007fd28c805380 0000000000000001
0x000000011fd31d80:   000000011fd31db0 000000010ef23133
0x000000011fd31d90:   0000000000000004 00007fd28af083f0
0x000000011fd31da0:   00007fd28c00f000 00007fd28af0c380
0x000000011fd31db0:   000000011fd31e90 000000010ece9f3d
0x000000011fd31dc0:   000000011fd31df0 00007fd28af096c0
0x000000011fd31dd0:   00007fd28af096f0 00007fd28af09700 

Instructions: (pc=0x000000010ef2032d)
0x000000010ef2030d:   49 89 fe 48 8b 7d a8 e8 87 56 d3 ff f6 c3 01 4c
0x000000010ef2031d:   63 f8 74 05 48 89 d8 eb 0a 48 89 d8 48 83 e0 fd
0x000000010ef2032d:   48 8b 00 c1 e8 03 83 e0 0f 48 8d 0d d3 53 40 00
0x000000010ef2033d:   3b 01 0f 83 f5 00 00 00 45 85 ff 7f 05 45 31 e4 

Register to memory mapping:

RAX=0x0000000000000000 is an unknown value
RBX=0x0000000000000000 is an unknown value
RCX=0x0000000000000003 is an unknown value
RDX=0x0000000000000001 is an unknown value
RSP=0x000000011fd31be0 is an unknown value
RBP=0x000000011fd31c40 is an unknown value
RSI=0x00000007b789d000 is an unknown value
RDI=0x00000007c00191d0 is pointing into metadata
R8 =0x000000010f325750: _ZN10PSScavenge26_young_generation_boundaryE+0 in /Library/Java/JavaVirtualMachines/jdk1.8.0_25.jdk/Contents/Home/jre/lib/server/libjvm.dylib at 0x000000010ea88000
R9 =0x00000007bccdae10 is an oop
java.lang.ref.SoftReference 
 - klass: 'java/lang/ref/SoftReference'
R10=0x00000007bcce2e10 is an oop
java.lang.reflect.Method 
 - klass: 'java/lang/reflect/Method'
R11=0x0000000005467c58 is an unknown value
R12=0x000000010f31c566: AssumeMP+0 in /Library/Java/JavaVirtualMachines/jdk1.8.0_25.jdk/Contents/Home/jre/lib/server/libjvm.dylib at 0x000000010ea88000
R13=0x00000007bccdfb8d is an unknown value
R14=0x00007fd28c805380 is an unknown value
R15=0x0000000000000003 is an unknown value


Stack: [0x000000011fc32000,0x000000011fd32000],  sp=0x000000011fd31be0,  free space=1022k
Native frames: (J=compiled Java code, j=interpreted, Vv=VM code, C=native code)
V  [libjvm.dylib+0x49832d]
V  [libjvm.dylib+0x498737]
V  [libjvm.dylib+0x4978f1]
V  [libjvm.dylib+0x15162e]
V  [libjvm.dylib+0x49b133]
V  [libjvm.dylib+0x261f3d]
V  [libjvm.dylib+0x45d87e]
C  [libsystem_pthread.dylib+0x32fc]  _pthread_body+0x83
C  [libsystem_pthread.dylib+0x3279]  _pthread_body+0x0
C  [libsystem_pthread.dylib+0x14b1]  thread_start+0xd


---------------  P R O C E S S  ---------------

Java Threads: ( => current thread )
  0x00007fd28fc59000 JavaThread "Stdin handler" [_thread_blocked, id=20783, stack(0x00000001279eb000,0x0000000127aeb000)]
  0x00007fd28be5f000 JavaThread "Daemon worker Thread 12" [_thread_blocked, id=22583, stack(0x0000000126c3b000,0x0000000126d3b000)]
  0x00007fd28e503000 JavaThread "Cancel handler" [_thread_blocked, id=20271, stack(0x0000000126b38000,0x0000000126c38000)]
  0x00007fd28fe92800 JavaThread "Handler for socket connection from /127.0.0.1:54456 to /127.0.0.1:56797" [_thread_in_native, id=21295, stack(0x0000000126a35000,0x0000000126b35000)]
  0x00007fd28b968800 JavaThread "Daemon Thread 12" [_thread_blocked, id=19759, stack(0x000000012662f000,0x000000012672f000)]
  0x00007fd28bdaf800 JavaThread "File lock request listener" [_thread_in_native, id=12299, stack(0x00000001273b6000,0x00000001274b6000)]
  0x00007fd28c318800 JavaThread "Incoming local TCP Connector on port 54456" [_thread_in_native, id=19203, stack(0x000000012652c000,0x000000012662c000)]
  0x00007fd28c825800 JavaThread "Service Thread" daemon [_thread_blocked, id=18179, stack(0x0000000125a73000,0x0000000125b73000)]
  0x00007fd28b006800 JavaThread "C1 CompilerThread2" daemon [_thread_blocked, id=17667, stack(0x0000000125970000,0x0000000125a70000)]
  0x00007fd28c81d000 JavaThread "C2 CompilerThread1" daemon [_thread_blocked, id=17155, stack(0x000000012586d000,0x000000012596d000)]
  0x00007fd28c81b000 JavaThread "C2 CompilerThread0" daemon [_thread_in_native, id=16643, stack(0x000000012576a000,0x000000012586a000)]
  0x00007fd28c813000 JavaThread "Signal Dispatcher" daemon [_thread_blocked, id=13331, stack(0x0000000125667000,0x0000000125767000)]
  0x00007fd28b005800 JavaThread "Finalizer" daemon [_thread_blocked, id=11523, stack(0x0000000123d1d000,0x0000000123e1d000)]
  0x00007fd28b826000 JavaThread "Reference Handler" daemon [_thread_blocked, id=11011, stack(0x0000000123c1a000,0x0000000123d1a000)]
  0x00007fd28c001000 JavaThread "main" [_thread_blocked, id=4867, stack(0x0000000110201000,0x0000000110301000)]

Other Threads:
  0x00007fd28c806000 VMThread [stack: 0x0000000123b17000,0x0000000123c17000] [id=10499]
  0x00007fd28c814000 WatcherThread [stack: 0x0000000125b76000,0x0000000125c76000] [id=18691]

=>0x00007fd28c00f000 (exited) GCTaskThread [stack: 0x000000011fc32000,0x000000011fd32000] [id=9475]

VM state:at safepoint (normal execution)

VM Mutex/Monitor currently owned by a thread:  ([mutex/lock_event])
[0x00007fd28ae13410] Threads_lock - owner thread: 0x00007fd28c806000
[0x00007fd28ae13910] Heap_lock - owner thread: 0x00007fd28be5f000

Heap:
 PSYoungGen      total 304640K, used 287678K [0x00000007aab00000, 0x00000007c0000000, 0x00000007c0000000)
  eden space 262144K, 100% used [0x00000007aab00000,0x00000007bab00000,0x00000007bab00000)
  from space 42496K, 60% used [0x00000007bd680000,0x00000007bef6f910,0x00000007c0000000)
  to   space 43520K, 91% used [0x00000007bab00000,0x00000007bd1b2e10,0x00000007bd580000)
 ParOldGen       total 165376K, used 67724K [0x0000000780000000, 0x000000078a180000, 0x00000007aab00000)
  object space 165376K, 40% used [0x0000000780000000,0x0000000784223088,0x000000078a180000)
 Metaspace       used 82875K, capacity 87086K, committed 105088K, reserved 1138688K
  class space    used 11176K, capacity 12683K, committed 16512K, reserved 1048576K

Card table byte_map: [0x000000011f6d4000,0x000000011f8d5000] byte_map_base: 0x000000011bad4000

Marking Bits: (ParMarkBitMap*) 0x000000010f325390
 Begin Bits: [0x000000011fe37000, 0x0000000120e37000)
 End Bits:   [0x0000000120e37000, 0x0000000121e37000)

Polling page: 0x000000010f9fd000

CodeCache: size=245760Kb used=37248Kb max_used=37248Kb free=208511Kb
 bounds [0x0000000110314000, 0x00000001127b4000, 0x000000011f314000]
 total_blobs=10665 nmethods=9985 adapters=591
 compilation: enabled

Compilation events (10 events):
Event: 5503.290 Thread 0x00007fd28b006800 nmethod 12983 0x0000000110f4c050 code [0x0000000110f4c1c0, 0x0000000110f4c3c8]
Event: 5503.290 Thread 0x00007fd28b006800 12984       3       com.sun.tools.javac.parser.JavacParser::classOrInterfaceOrEnumDeclaration (352 bytes)
Event: 5503.292 Thread 0x00007fd28b006800 nmethod 12984 0x00000001127abbd0 code [0x00000001127ac100, 0x00000001127af588]
Event: 5503.301 Thread 0x00007fd28b006800 12991       3       com.sun.tools.javac.file.FSInfo::isDirectory (5 bytes)
Event: 5503.301 Thread 0x00007fd28b006800 nmethod 12991 0x000000011237d490 code [0x000000011237d600, 0x000000011237d808]
Event: 5503.301 Thread 0x00007fd28b006800 12992       3       com.sun.tools.javac.file.Locations::isDefaultBootClassPathRtJar (17 bytes)
Event: 5503.302 Thread 0x00007fd28b006800 nmethod 12992 0x000000011107bb50 code [0x000000011107bd80, 0x000000011107ccc8]
Event: 5503.303 Thread 0x00007fd28b006800 12994       3       com.sun.tools.javac.code.Scope::addScopeListener (13 bytes)
Event: 5503.303 Thread 0x00007fd28b006800 nmethod 12994 0x00000001111b2590 code [0x00000001111b2720, 0x00000001111b2b10]
Event: 5503.303 Thread 0x00007fd28b006800 12995       3       com.sun.tools.javac.file.ZipFileIndex$DirectoryEntry::getFiles (75 bytes)

GC Heap History (10 events):
Event: 4649.074 GC heap after
Heap after GC invocations=39 (full 12):
 PSYoungGen      total 307200K, used 0K [0x00000007aab00000, 0x00000007bff80000, 0x00000007c0000000)
  eden space 265216K, 0% used [0x00000007aab00000,0x00000007aab00000,0x00000007bae00000)
  from space 41984K, 0% used [0x00000007bae00000,0x00000007bae00000,0x00000007bd700000)
  to   space 39424K, 0% used [0x00000007bd900000,0x00000007bd900000,0x00000007bff80000)
 ParOldGen       total 165376K, used 76728K [0x0000000780000000, 0x000000078a180000, 0x00000007aab00000)
  object space 165376K, 46% used [0x0000000780000000,0x0000000784aee1f0,0x000000078a180000)
 Metaspace       used 62174K, capacity 63855K, committed 105088K, reserved 1138688K
  class space    used 8014K, capacity 8666K, committed 16512K, reserved 1048576K
}
Event: 4781.496 GC heap before
{Heap before GC invocations=40 (full 12):
 PSYoungGen      total 307200K, used 265216K [0x00000007aab00000, 0x00000007bff80000, 0x00000007c0000000)
  eden space 265216K, 100% used [0x00000007aab00000,0x00000007bae00000,0x00000007bae00000)
  from space 41984K, 0% used [0x00000007bae00000,0x00000007bae00000,0x00000007bd700000)
  to   space 39424K, 0% used [0x00000007bd900000,0x00000007bd900000,0x00000007bff80000)
 ParOldGen       total 165376K, used 76728K [0x0000000780000000, 0x000000078a180000, 0x00000007aab00000)
  object space 165376K, 46% used [0x0000000780000000,0x0000000784aee1f0,0x000000078a180000)
 Metaspace       used 68492K, capacity 71248K, committed 105088K, reserved 1138688K
  class space    used 8979K, capacity 9980K, committed 16512K, reserved 1048576K
Event: 4781.520 GC heap after
Heap after GC invocations=40 (full 12):
 PSYoungGen      total 305664K, used 26825K [0x00000007aab00000, 0x00000007c0000000, 0x00000007c0000000)
  eden space 266240K, 0% used [0x00000007aab00000,0x00000007aab00000,0x00000007baf00000)
  from space 39424K, 68% used [0x00000007bd900000,0x00000007bf332470,0x00000007bff80000)
  to   space 41472K, 0% used [0x00000007baf00000,0x00000007baf00000,0x00000007bd780000)
 ParOldGen       total 165376K, used 76728K [0x0000000780000000, 0x000000078a180000, 0x00000007aab00000)
  object space 165376K, 46% used [0x0000000780000000,0x0000000784aee1f0,0x000000078a180000)
 Metaspace       used 68492K, capacity 71248K, committed 105088K, reserved 1138688K
  class space    used 8979K, capacity 9980K, committed 16512K, reserved 1048576K
}
Event: 4783.206 GC heap before
{Heap before GC invocations=41 (full 12):
 PSYoungGen      total 305664K, used 108210K [0x00000007aab00000, 0x00000007c0000000, 0x00000007c0000000)
  eden space 266240K, 30% used [0x00000007aab00000,0x00000007afa7a580,0x00000007baf00000)
  from space 39424K, 68% used [0x00000007bd900000,0x00000007bf332470,0x00000007bff80000)
  to   space 41472K, 0% used [0x00000007baf00000,0x00000007baf00000,0x00000007bd780000)
 ParOldGen       total 165376K, used 76728K [0x0000000780000000, 0x000000078a180000, 0x00000007aab00000)
  object space 165376K, 46% used [0x0000000780000000,0x0000000784aee1f0,0x000000078a180000)
 Metaspace       used 69614K, capacity 72462K, committed 105088K, reserved 1138688K
  class space    used 9167K, capacity 10191K, committed 16512K, reserved 1048576K
Event: 4783.222 GC heap after
Heap after GC invocations=41 (full 12):
 PSYoungGen      total 291328K, used 24638K [0x00000007aab00000, 0x00000007c0000000, 0x00000007c0000000)
  eden space 266240K, 0% used [0x00000007aab00000,0x00000007aab00000,0x00000007baf00000)
  from space 25088K, 98% used [0x00000007baf00000,0x00000007bc70f848,0x00000007bc780000)
  to   space 42496K, 0% used [0x00000007bd680000,0x00000007bd680000,0x00000007c0000000)
 ParOldGen       total 165376K, used 76736K [0x0000000780000000, 0x000000078a180000, 0x00000007aab00000)
  object space 165376K, 46% used [0x0000000780000000,0x0000000784af01f0,0x000000078a180000)
 Metaspace       used 69614K, capacity 72462K, committed 105088K, reserved 1138688K
  class space    used 9167K, capacity 10191K, committed 16512K, reserved 1048576K
}
Event: 4783.222 GC heap before
{Heap before GC invocations=42 (full 13):
 PSYoungGen      total 291328K, used 24638K [0x00000007aab00000, 0x00000007c0000000, 0x00000007c0000000)
  eden space 266240K, 0% used [0x00000007aab00000,0x00000007aab00000,0x00000007baf00000)
  from space 25088K, 98% used [0x00000007baf00000,0x00000007bc70f848,0x00000007bc780000)
  to   space 42496K, 0% used [0x00000007bd680000,0x00000007bd680000,0x00000007c0000000)
 ParOldGen       total 165376K, used 76736K [0x0000000780000000, 0x000000078a180000, 0x00000007aab00000)
  object space 165376K, 46% used [0x0000000780000000,0x0000000784af01f0,0x000000078a180000)
 Metaspace       used 69614K, capacity 72462K, committed 105088K, reserved 1138688K
  class space    used 9167K, capacity 10191K, committed 16512K, reserved 1048576K
Event: 4783.500 GC heap after
Heap after GC invocations=42 (full 13):
 PSYoungGen      total 291328K, used 0K [0x00000007aab00000, 0x00000007c0000000, 0x00000007c0000000)
  eden space 266240K, 0% used [0x00000007aab00000,0x00000007aab00000,0x00000007baf00000)
  from space 25088K, 0% used [0x00000007baf00000,0x00000007baf00000,0x00000007bc780000)
  to   space 42496K, 0% used [0x00000007bd680000,0x00000007bd680000,0x00000007c0000000)
 ParOldGen       total 165376K, used 67708K [0x0000000780000000, 0x000000078a180000, 0x00000007aab00000)
  object space 165376K, 40% used [0x0000000780000000,0x000000078421f088,0x000000078a180000)
 Metaspace       used 69431K, capacity 71892K, committed 105088K, reserved 1138688K
  class space    used 9129K, capacity 10021K, committed 16512K, reserved 1048576K
}
Event: 4898.293 GC heap before
{Heap before GC invocations=43 (full 13):
 PSYoungGen      total 291328K, used 266240K [0x00000007aab00000, 0x00000007c0000000, 0x00000007c0000000)
  eden space 266240K, 100% used [0x00000007aab00000,0x00000007baf00000,0x00000007baf00000)
  from space 25088K, 0% used [0x00000007baf00000,0x00000007baf00000,0x00000007bc780000)
  to   space 42496K, 0% used [0x00000007bd680000,0x00000007bd680000,0x00000007c0000000)
 ParOldGen       total 165376K, used 67708K [0x0000000780000000, 0x000000078a180000, 0x00000007aab00000)
  object space 165376K, 40% used [0x0000000780000000,0x000000078421f088,0x000000078a180000)
 Metaspace       used 75871K, capacity 79165K, committed 105088K, reserved 1138688K
  class space    used 10103K, capacity 11316K, committed 16512K, reserved 1048576K
Event: 4898.313 GC heap after
Heap after GC invocations=43 (full 13):
 PSYoungGen      total 304640K, used 25534K [0x00000007aab00000, 0x00000007c0000000, 0x00000007c0000000)
  eden space 262144K, 0% used [0x00000007aab00000,0x00000007aab00000,0x00000007bab00000)
  from space 42496K, 60% used [0x00000007bd680000,0x00000007bef6f910,0x00000007c0000000)
  to   space 43520K, 0% used [0x00000007bab00000,0x00000007bab00000,0x00000007bd580000)
 ParOldGen       total 165376K, used 67716K [0x0000000780000000, 0x000000078a180000, 0x00000007aab00000)
  object space 165376K, 40% used [0x0000000780000000,0x0000000784221088,0x000000078a180000)
 Metaspace       used 75871K, capacity 79165K, committed 105088K, reserved 1138688K
  class space    used 10103K, capacity 11316K, committed 16512K, reserved 1048576K
}
Event: 5503.304 GC heap before
{Heap before GC invocations=44 (full 13):
 PSYoungGen      total 304640K, used 287678K [0x00000007aab00000, 0x00000007c0000000, 0x00000007c0000000)
  eden space 262144K, 100% used [0x00000007aab00000,0x00000007bab00000,0x00000007bab00000)
  from space 42496K, 60% used [0x00000007bd680000,0x00000007bef6f910,0x00000007c0000000)
  to   space 43520K, 0% used [0x00000007bab00000,0x00000007bab00000,0x00000007bd580000)
 ParOldGen       total 165376K, used 67716K [0x0000000780000000, 0x000000078a180000, 0x00000007aab00000)
  object space 165376K, 40% used [0x0000000780000000,0x0000000784221088,0x000000078a180000)
 Metaspace       used 82875K, capacity 87086K, committed 105088K, reserved 1138688K
  class space    used 11176K, capacity 12683K, committed 16512K, reserved 1048576K

Deoptimization events (10 events):
Event: 4646.291 Thread 0x00007fd28f8f0000 Uncommon trap: reason=null_check action=make_not_entrant pc=0x0000000111190c68 method=java.lang.Class.isEnum()Z @ 1
Event: 4646.420 Thread 0x00007fd28f8f0000 Uncommon trap: reason=null_check action=make_not_entrant pc=0x00000001110a7b7c method=java.beans.PropertyDescriptor.isAssignable(Ljava/lang/reflect/Method;Ljava/lang/reflect/Method;)Z @ 72
Event: 4646.460 Thread 0x00007fd28f8f0000 Uncommon trap: reason=null_check action=make_not_entrant pc=0x000000011184fd28 method=org.codehaus.groovy.runtime.typehandling.DefaultTypeTransformation.castToType(Ljava/lang/Object;Ljava/lang/Class;)Ljava/lang/Object; @ 65
Event: 4646.805 Thread 0x00007fd28f8f0000 Uncommon trap: reason=null_check action=make_not_entrant pc=0x000000011245d2f8 method=java.beans.PropertyDescriptor.isAssignable(Ljava/lang/reflect/Method;Ljava/lang/reflect/Method;)Z @ 72
Event: 4649.083 Thread 0x00007fd28ee22800 Uncommon trap: reason=predicate action=maybe_recompile pc=0x0000000112319ac8 method=java.util.TimSort.binarySort([Ljava/lang/Object;IIILjava/util/Comparator;)V @ 37
Event: 4780.130 Thread 0x00007fd28f8f0000 Uncommon trap: reason=array_check action=maybe_recompile pc=0x0000000112105d90 method=java.util.TimSort.binarySort([Ljava/lang/Object;IIILjava/util/Comparator;)V @ 215
Event: 4780.146 Thread 0x00007fd28f41c800 Uncommon trap: reason=array_check action=maybe_recompile pc=0x0000000110f77f7c method=java.util.TimSort.binarySort([Ljava/lang/Object;IIILjava/util/Comparator;)V @ 193
Event: 4780.370 Thread 0x00007fd28f41c800 Uncommon trap: reason=array_check action=maybe_recompile pc=0x0000000110f77f7c method=java.util.TimSort.binarySort([Ljava/lang/Object;IIILjava/util/Comparator;)V @ 193
Event: 4781.137 Thread 0x00007fd28f41c800 Uncommon trap: reason=null_check action=make_not_entrant pc=0x0000000110eeede0 method=java.beans.Introspector.isAssignable(Ljava/lang/Class;Ljava/lang/Class;)Z @ 23
Event: 4781.174 Thread 0x00007fd28f41c800 Uncommon trap: reason=null_check action=make_not_entrant pc=0x00000001124769ac method=java.beans.Introspector.isAssignable(Ljava/lang/Class;Ljava/lang/Class;)Z @ 23

Internal exceptions (10 events):
Event: 5503.250 Thread 0x00007fd28be5f000 Exception <a 'java/security/PrivilegedActionException'> (0x00000007b9ee39a8) thrown at [/HUDSON3/workspace/8-2-build-macosx-x86_64/jdk8u25/1514/hotspot/src/share/vm/prims/jvm.cpp, line 1312]
Event: 5503.250 Thread 0x00007fd28be5f000 Exception <a 'java/security/PrivilegedActionException'> (0x00000007b9ee6e08) thrown at [/HUDSON3/workspace/8-2-build-macosx-x86_64/jdk8u25/1514/hotspot/src/share/vm/prims/jvm.cpp, line 1312]
Event: 5503.250 Thread 0x00007fd28be5f000 Exception <a 'java/security/PrivilegedActionException'> (0x00000007b9ee80d0) thrown at [/HUDSON3/workspace/8-2-build-macosx-x86_64/jdk8u25/1514/hotspot/src/share/vm/prims/jvm.cpp, line 1312]
Event: 5503.250 Thread 0x00007fd28be5f000 Exception <a 'java/security/PrivilegedActionException'> (0x00000007b9eef9b0) thrown at [/HUDSON3/workspace/8-2-build-macosx-x86_64/jdk8u25/1514/hotspot/src/share/vm/prims/jvm.cpp, line 1312]
Event: 5503.250 Thread 0x00007fd28be5f000 Exception <a 'java/lang/ClassNotFoundException': com/android/build/gradle/internal/dependency/SymbolFileProviderImplBeanInfo> (0x00000007b9ef00d8) thrown at [/HUDSON3/workspace/8-2-build-macosx-x86_64/jdk8u25/1514/hotspot/src/share/vm/classfile/systemDict
Event: 5503.250 Thread 0x00007fd28be5f000 Exception <a 'java/security/PrivilegedActionException'> (0x00000007b9ef61f8) thrown at [/HUDSON3/workspace/8-2-build-macosx-x86_64/jdk8u25/1514/hotspot/src/share/vm/prims/jvm.cpp, line 1312]
Event: 5503.250 Thread 0x00007fd28be5f000 Exception <a 'java/security/PrivilegedActionException'> (0x00000007b9ef96f0) thrown at [/HUDSON3/workspace/8-2-build-macosx-x86_64/jdk8u25/1514/hotspot/src/share/vm/prims/jvm.cpp, line 1312]
Event: 5503.250 Thread 0x00007fd28be5f000 Exception <a 'java/security/PrivilegedActionException'> (0x00000007b9efa9d0) thrown at [/HUDSON3/workspace/8-2-build-macosx-x86_64/jdk8u25/1514/hotspot/src/share/vm/prims/jvm.cpp, line 1312]
Event: 5503.250 Thread 0x00007fd28be5f000 Exception <a 'java/security/PrivilegedActionException'> (0x00000007b9f02440) thrown at [/HUDSON3/workspace/8-2-build-macosx-x86_64/jdk8u25/1514/hotspot/src/share/vm/prims/jvm.cpp, line 1312]
Event: 5503.250 Thread 0x00007fd28be5f000 Exception <a 'java/lang/ClassNotFoundException': com/android/build/gradle/internal/dependency/SymbolFileProviderImplCustomizer> (0x00000007b9f02b70) thrown at [/HUDSON3/workspace/8-2-build-macosx-x86_64/jdk8u25/1514/hotspot/src/share/vm/classfile/systemDi

Events (10 events):
Event: 5503.249 loading class groovy/runtime/metaclass/com/android/build/gradle/internal/dependency/SymbolFileProviderImplMetaClass done
Event: 5503.250 loading class com/android/build/gradle/internal/dependency/SymbolFileProviderImplBeanInfo
Event: 5503.250 loading class com/android/build/gradle/internal/dependency/SymbolFileProviderImplBeanInfo done
Event: 5503.250 loading class com/android/build/gradle/internal/dependency/SymbolFileProviderImplBeanInfo
Event: 5503.250 loading class com/android/build/gradle/internal/dependency/SymbolFileProviderImplBeanInfo done
Event: 5503.250 loading class com/android/build/gradle/internal/dependency/SymbolFileProviderImplCustomizer
Event: 5503.250 loading class com/android/build/gradle/internal/dependency/SymbolFileProviderImplCustomizer done
Event: 5503.250 loading class com/android/build/gradle/internal/dependency/SymbolFileProviderImplCustomizer
Event: 5503.250 loading class com/android/build/gradle/internal/dependency/SymbolFileProviderImplCustomizer done
Event: 5503.304 Executing VM operation: ParallelGCFailedAllocation


Dynamic libraries:
0x0000000004362000 	/System/Library/Frameworks/Cocoa.framework/Versions/A/Cocoa
0x0000000004362000 	/System/Library/Frameworks/Security.framework/Versions/A/Security
0x0000000004362000 	/System/Library/Frameworks/ApplicationServices.framework/Versions/A/ApplicationServices
0x0000000004362000 	/usr/lib/libz.1.dylib
0x0000000004362000 	/usr/lib/libSystem.B.dylib
0x0000000004362000 	/usr/lib/libobjc.A.dylib
0x0000000004362000 	/System/Library/Frameworks/CoreFoundation.framework/Versions/A/CoreFoundation
0x0000000004362000 	/System/Library/Frameworks/Foundation.framework/Versions/C/Foundation
0x0000000004362000 	/System/Library/Frameworks/AppKit.framework/Versions/C/AppKit
0x0000000004362000 	/System/Library/Frameworks/CoreData.framework/Versions/A/CoreData
0x0000000004362000 	/System/Library/PrivateFrameworks/RemoteViewServices.framework/Versions/A/RemoteViewServices
0x0000000004362000 	/System/Library/PrivateFrameworks/UIFoundation.framework/Versions/A/UIFoundation
0x0000000004362000 	/System/Library/Frameworks/IOSurface.framework/Versions/A/IOSurface
0x0000000004362000 	/System/Library/Frameworks/AudioToolbox.framework/Versions/A/AudioToolbox
0x0000000004362000 	/System/Library/Frameworks/AudioUnit.framework/Versions/A/AudioUnit
0x0000000004362000 	/System/Library/PrivateFrameworks/DataDetectorsCore.framework/Versions/A/DataDetectorsCore
0x0000000004362000 	/System/Library/PrivateFrameworks/DesktopServicesPriv.framework/Versions/A/DesktopServicesPriv
0x0000000004362000 	/System/Library/Frameworks/Carbon.framework/Versions/A/Frameworks/HIToolbox.framework/Versions/A/HIToolbox
0x0000000004362000 	/System/Library/Frameworks/QuartzCore.framework/Versions/A/QuartzCore
0x0000000004362000 	/System/Library/Frameworks/Carbon.framework/Versions/A/Frameworks/SpeechRecognition.framework/Versions/A/SpeechRecognition
0x0000000004362000 	/usr/lib/libauto.dylib
0x0000000004362000 	/usr/lib/libicucore.A.dylib
0x0000000004362000 	/usr/lib/libxml2.2.dylib
0x0000000004362000 	/System/Library/PrivateFrameworks/CoreUI.framework/Versions/A/CoreUI
0x0000000004362000 	/System/Library/Frameworks/CoreAudio.framework/Versions/A/CoreAudio
0x0000000004362000 	/System/Library/Frameworks/DiskArbitration.framework/Versions/A/DiskArbitration
0x0000000004362000 	/usr/lib/liblangid.dylib
0x0000000004362000 	/System/Library/PrivateFrameworks/MultitouchSupport.framework/Versions/A/MultitouchSupport
0x0000000004362000 	/System/Library/Frameworks/IOKit.framework/Versions/A/IOKit
0x0000000004362000 	/usr/lib/libDiagnosticMessagesClient.dylib
0x0000000004362000 	/System/Library/Frameworks/CoreServices.framework/Versions/A/CoreServices
0x0000000004362000 	/System/Library/PrivateFrameworks/PerformanceAnalysis.framework/Versions/A/PerformanceAnalysis
0x0000000004362000 	/System/Library/PrivateFrameworks/GenerationalStorage.framework/Versions/A/GenerationalStorage
0x0000000004362000 	/System/Library/Frameworks/OpenGL.framework/Versions/A/OpenGL
0x0000000004362000 	/System/Library/PrivateFrameworks/Sharing.framework/Versions/A/Sharing
0x0000000004362000 	/System/Library/Frameworks/CoreGraphics.framework/Versions/A/CoreGraphics
0x0000000004362000 	/System/Library/Frameworks/CoreText.framework/Versions/A/CoreText
0x0000000004362000 	/System/Library/Frameworks/ImageIO.framework/Versions/A/ImageIO
0x0000000004362000 	/usr/lib/libextension.dylib
0x0000000004362000 	/System/Library/PrivateFrameworks/Backup.framework/Versions/A/Backup
0x0000000004362000 	/usr/lib/libarchive.2.dylib
0x0000000004362000 	/System/Library/Frameworks/CFNetwork.framework/Versions/A/CFNetwork
0x0000000004362000 	/System/Library/Frameworks/SystemConfiguration.framework/Versions/A/SystemConfiguration
0x0000000004362000 	/usr/lib/libCRFSuite.dylib
0x0000000004362000 	/usr/lib/libc++.1.dylib
0x0000000004362000 	/usr/lib/libc++abi.dylib
0x0000000004362000 	/usr/lib/system/libcache.dylib
0x0000000004362000 	/usr/lib/system/libcommonCrypto.dylib
0x0000000004362000 	/usr/lib/system/libcompiler_rt.dylib
0x0000000004362000 	/usr/lib/system/libcopyfile.dylib
0x0000000004362000 	/usr/lib/system/libcorecrypto.dylib
0x0000000004362000 	/usr/lib/system/libdispatch.dylib
0x0000000004362000 	/usr/lib/system/libdyld.dylib
0x0000000004362000 	/usr/lib/system/libkeymgr.dylib
0x0000000004362000 	/usr/lib/system/liblaunch.dylib
0x0000000004362000 	/usr/lib/system/libmacho.dylib
0x0000000004362000 	/usr/lib/system/libquarantine.dylib
0x0000000004362000 	/usr/lib/system/libremovefile.dylib
0x0000000004362000 	/usr/lib/system/libsystem_asl.dylib
0x0000000004362000 	/usr/lib/system/libsystem_blocks.dylib
0x0000000004362000 	/usr/lib/system/libsystem_c.dylib
0x0000000004362000 	/usr/lib/system/libsystem_configuration.dylib
0x0000000004362000 	/usr/lib/system/libsystem_coreservices.dylib
0x0000000004362000 	/usr/lib/system/libsystem_coretls.dylib
0x0000000004362000 	/usr/lib/system/libsystem_dnssd.dylib
0x0000000004362000 	/usr/lib/system/libsystem_info.dylib
0x0000000004362000 	/usr/lib/system/libsystem_kernel.dylib
0x0000000004362000 	/usr/lib/system/libsystem_m.dylib
0x0000000004362000 	/usr/lib/system/libsystem_malloc.dylib
0x0000000004362000 	/usr/lib/system/libsystem_network.dylib
0x0000000004362000 	/usr/lib/system/libsystem_networkextension.dylib
0x0000000004362000 	/usr/lib/system/libsystem_notify.dylib
0x0000000004362000 	/usr/lib/system/libsystem_platform.dylib
0x0000000004362000 	/usr/lib/system/libsystem_pthread.dylib
0x0000000004362000 	/usr/lib/system/libsystem_sandbox.dylib
0x0000000004362000 	/usr/lib/system/libsystem_secinit.dylib
0x0000000004362000 	/usr/lib/system/libsystem_stats.dylib
0x0000000004362000 	/usr/lib/system/libsystem_trace.dylib
0x0000000004362000 	/usr/lib/system/libunc.dylib
0x0000000004362000 	/usr/lib/system/libunwind.dylib
0x0000000004362000 	/usr/lib/system/libxpc.dylib
0x0000000004362000 	/usr/lib/libbz2.1.0.dylib
0x0000000004362000 	/usr/lib/liblzma.5.dylib
0x0000000004362000 	/usr/lib/libbsm.0.dylib
0x0000000004362000 	/usr/lib/libsqlite3.dylib
0x0000000004362000 	/usr/lib/system/libkxld.dylib
0x0000000004362000 	/usr/lib/libxar.1.dylib
0x0000000004362000 	/usr/lib/libpam.2.dylib
0x0000000004362000 	/usr/lib/libOpenScriptingUtil.dylib
0x0000000004362000 	/System/Library/Frameworks/CoreServices.framework/Versions/A/Frameworks/FSEvents.framework/Versions/A/FSEvents
0x0000000004362000 	/System/Library/Frameworks/CoreServices.framework/Versions/A/Frameworks/CarbonCore.framework/Versions/A/CarbonCore
0x0000000004362000 	/System/Library/Frameworks/CoreServices.framework/Versions/A/Frameworks/Metadata.framework/Versions/A/Metadata
0x0000000004362000 	/System/Library/Frameworks/CoreServices.framework/Versions/A/Frameworks/OSServices.framework/Versions/A/OSServices
0x0000000004362000 	/System/Library/Frameworks/CoreServices.framework/Versions/A/Frameworks/SearchKit.framework/Versions/A/SearchKit
0x0000000004362000 	/System/Library/Frameworks/CoreServices.framework/Versions/A/Frameworks/AE.framework/Versions/A/AE
0x0000000004362000 	/System/Library/Frameworks/CoreServices.framework/Versions/A/Frameworks/LaunchServices.framework/Versions/A/LaunchServices
0x0000000004362000 	/System/Library/Frameworks/CoreServices.framework/Versions/A/Frameworks/DictionaryServices.framework/Versions/A/DictionaryServices
0x0000000004362000 	/System/Library/Frameworks/NetFS.framework/Versions/A/NetFS
0x0000000004362000 	/System/Library/PrivateFrameworks/NetAuth.framework/Versions/A/NetAuth
0x0000000004362000 	/System/Library/PrivateFrameworks/login.framework/Versions/A/Frameworks/loginsupport.framework/Versions/A/loginsupport
0x0000000004362000 	/System/Library/PrivateFrameworks/TCC.framework/Versions/A/TCC
0x0000000004362000 	/usr/lib/libmecabra.dylib
0x0000000004362000 	/System/Library/PrivateFrameworks/LanguageModeling.framework/Versions/A/LanguageModeling
0x0000000004362000 	/usr/lib/libcmph.dylib
0x0000000004362000 	/usr/lib/libiconv.2.dylib
0x0000000004362000 	/System/Library/Frameworks/OpenDirectory.framework/Versions/A/Frameworks/CFOpenDirectory.framework/Versions/A/CFOpenDirectory
0x0000000004362000 	/System/Library/Frameworks/ServiceManagement.framework/Versions/A/ServiceManagement
0x0000000004362000 	/usr/lib/libxslt.1.dylib
0x0000000004362000 	/System/Library/Frameworks/Carbon.framework/Versions/A/Frameworks/Ink.framework/Versions/A/Ink
0x0000000004362000 	/System/Library/Frameworks/ApplicationServices.framework/Versions/A/Frameworks/ATS.framework/Versions/A/ATS
0x0000000004362000 	/System/Library/Frameworks/ApplicationServices.framework/Versions/A/Frameworks/ColorSync.framework/Versions/A/ColorSync
0x0000000004362000 	/System/Library/Frameworks/ApplicationServices.framework/Versions/A/Frameworks/HIServices.framework/Versions/A/HIServices
0x0000000004362000 	/System/Library/Frameworks/ApplicationServices.framework/Versions/A/Frameworks/LangAnalysis.framework/Versions/A/LangAnalysis
0x0000000004362000 	/System/Library/Frameworks/ApplicationServices.framework/Versions/A/Frameworks/PrintCore.framework/Versions/A/PrintCore
0x0000000004362000 	/System/Library/Frameworks/ApplicationServices.framework/Versions/A/Frameworks/QD.framework/Versions/A/QD
0x0000000004362000 	/System/Library/Frameworks/ApplicationServices.framework/Versions/A/Frameworks/SpeechSynthesis.framework/Versions/A/SpeechSynthesis
0x0000000004362000 	/System/Library/Frameworks/Accelerate.framework/Versions/A/Accelerate
0x0000000004362000 	/System/Library/Frameworks/Accelerate.framework/Versions/A/Frameworks/vImage.framework/Versions/A/vImage
0x0000000004362000 	/System/Library/Frameworks/Accelerate.framework/Versions/A/Frameworks/vecLib.framework/Versions/A/vecLib
0x0000000004362000 	/System/Library/Frameworks/Accelerate.framework/Versions/A/Frameworks/vecLib.framework/Versions/A/libvDSP.dylib
0x0000000004362000 	/System/Library/Frameworks/Accelerate.framework/Versions/A/Frameworks/vecLib.framework/Versions/A/libvMisc.dylib
0x0000000004362000 	/System/Library/Frameworks/Accelerate.framework/Versions/A/Frameworks/vecLib.framework/Versions/A/libLAPACK.dylib
0x0000000004362000 	/System/Library/Frameworks/Accelerate.framework/Versions/A/Frameworks/vecLib.framework/Versions/A/libBLAS.dylib
0x0000000004362000 	/System/Library/Frameworks/Accelerate.framework/Versions/A/Frameworks/vecLib.framework/Versions/A/libLinearAlgebra.dylib
0x0000000004362000 	/System/Library/Frameworks/ApplicationServices.framework/Versions/A/Frameworks/ATS.framework/Versions/A/Resources/libFontParser.dylib
0x0000000004362000 	/System/Library/Frameworks/ApplicationServices.framework/Versions/A/Frameworks/ATS.framework/Versions/A/Resources/libFontRegistry.dylib
0x0000000004362000 	/System/Library/PrivateFrameworks/AppleVPA.framework/Versions/A/AppleVPA
0x0000000004362000 	/System/Library/PrivateFrameworks/AppleJPEG.framework/Versions/A/AppleJPEG
0x0000000004362000 	/System/Library/Frameworks/ImageIO.framework/Versions/A/Resources/libJPEG.dylib
0x0000000004362000 	/System/Library/Frameworks/ImageIO.framework/Versions/A/Resources/libTIFF.dylib
0x0000000004362000 	/System/Library/Frameworks/ImageIO.framework/Versions/A/Resources/libPng.dylib
0x0000000004362000 	/System/Library/Frameworks/ImageIO.framework/Versions/A/Resources/libGIF.dylib
0x0000000004362000 	/System/Library/Frameworks/ImageIO.framework/Versions/A/Resources/libJP2.dylib
0x0000000004362000 	/System/Library/Frameworks/ImageIO.framework/Versions/A/Resources/libRadiance.dylib
0x0000000004362000 	/System/Library/Frameworks/CoreVideo.framework/Versions/A/CoreVideo
0x0000000004362000 	/System/Library/Frameworks/OpenGL.framework/Versions/A/Libraries/libGLU.dylib
0x0000000004362000 	/System/Library/Frameworks/OpenGL.framework/Versions/A/Libraries/libGFXShared.dylib
0x0000000004362000 	/System/Library/Frameworks/OpenGL.framework/Versions/A/Libraries/libGL.dylib
0x0000000004362000 	/System/Library/Frameworks/OpenGL.framework/Versions/A/Libraries/libGLImage.dylib
0x0000000004362000 	/System/Library/Frameworks/OpenGL.framework/Versions/A/Libraries/libCVMSPluginSupport.dylib
0x0000000004362000 	/System/Library/Frameworks/OpenGL.framework/Versions/A/Libraries/libCoreVMClient.dylib
0x0000000004362000 	/usr/lib/libcups.2.dylib
0x0000000004362000 	/System/Library/Frameworks/Kerberos.framework/Versions/A/Kerberos
0x0000000004362000 	/System/Library/Frameworks/GSS.framework/Versions/A/GSS
0x0000000004362000 	/usr/lib/libresolv.9.dylib
0x0000000004362000 	/System/Library/PrivateFrameworks/Heimdal.framework/Versions/A/Heimdal
0x0000000004362000 	/usr/lib/libheimdal-asn1.dylib
0x0000000004362000 	/System/Library/Frameworks/OpenDirectory.framework/Versions/A/OpenDirectory
0x0000000004362000 	/System/Library/PrivateFrameworks/CommonAuth.framework/Versions/A/CommonAuth
0x0000000004362000 	/System/Library/Frameworks/SecurityFoundation.framework/Versions/A/SecurityFoundation
0x0000000004362000 	/System/Library/Frameworks/QuartzCore.framework/Versions/A/Frameworks/CoreImage.framework/Versions/A/CoreImage
0x0000000004362000 	/System/Library/PrivateFrameworks/CrashReporterSupport.framework/Versions/A/CrashReporterSupport
0x0000000004362000 	/System/Library/Frameworks/OpenCL.framework/Versions/A/OpenCL
0x0000000004362000 	/System/Library/PrivateFrameworks/FaceCore.framework/Versions/A/FaceCore
0x0000000004362000 	/System/Library/PrivateFrameworks/Ubiquity.framework/Versions/A/Ubiquity
0x0000000004362000 	/System/Library/PrivateFrameworks/IconServices.framework/Versions/A/IconServices
0x0000000004362000 	/System/Library/PrivateFrameworks/ChunkingLibrary.framework/Versions/A/ChunkingLibrary
0x0000000004362000 	/System/Library/PrivateFrameworks/Apple80211.framework/Versions/A/Apple80211
0x0000000004362000 	/System/Library/Frameworks/CoreWLAN.framework/Versions/A/CoreWLAN
0x0000000004362000 	/System/Library/Frameworks/IOBluetooth.framework/Versions/A/IOBluetooth
0x0000000004362000 	/System/Library/PrivateFrameworks/CoreWiFi.framework/Versions/A/CoreWiFi
0x0000000004362000 	/System/Library/Frameworks/CoreBluetooth.framework/Versions/A/CoreBluetooth
0x0000000004362000 	/System/Library/PrivateFrameworks/DebugSymbols.framework/Versions/A/DebugSymbols
0x0000000004362000 	/System/Library/PrivateFrameworks/CoreSymbolication.framework/Versions/A/CoreSymbolication
0x0000000004362000 	/System/Library/PrivateFrameworks/Symbolication.framework/Versions/A/Symbolication
0x0000000004362000 	/System/Library/PrivateFrameworks/SpeechRecognitionCore.framework/Versions/A/SpeechRecognitionCore
0x000000010ea88000 	/Library/Java/JavaVirtualMachines/jdk1.8.0_25.jdk/Contents/Home/jre/lib/server/libjvm.dylib
0x0000000004362000 	/usr/lib/libstdc++.6.dylib
0x000000010f9bb000 	/Library/Java/JavaVirtualMachines/jdk1.8.0_25.jdk/Contents/Home/jre/lib/libverify.dylib
0x000000010f9c9000 	/Library/Java/JavaVirtualMachines/jdk1.8.0_25.jdk/Contents/Home/jre/lib/libjava.dylib
0x000000011030b000 	/Library/Java/JavaVirtualMachines/jdk1.8.0_25.jdk/Contents/Home/jre/lib/libzip.dylib
0x0000000123e1f000 	/System/Library/Frameworks/JavaVM.framework/Frameworks/JavaRuntimeSupport.framework/JavaRuntimeSupport
0x0000000123e37000 	/System/Library/Frameworks/JavaVM.framework/Versions/A/Frameworks/JavaNativeFoundation.framework/Versions/A/JavaNativeFoundation
0x0000000123e4c000 	/System/Library/Frameworks/JavaVM.framework/Versions/A/JavaVM
0x0000000004362000 	/System/Library/Frameworks/Carbon.framework/Versions/A/Carbon
0x0000000123e59000 	/System/Library/PrivateFrameworks/JavaLaunching.framework/Versions/A/JavaLaunching
0x0000000004362000 	/System/Library/Frameworks/Carbon.framework/Versions/A/Frameworks/CommonPanels.framework/Versions/A/CommonPanels
0x0000000004362000 	/System/Library/Frameworks/Carbon.framework/Versions/A/Frameworks/Help.framework/Versions/A/Help
0x0000000004362000 	/System/Library/Frameworks/Carbon.framework/Versions/A/Frameworks/ImageCapture.framework/Versions/A/ImageCapture
0x0000000004362000 	/System/Library/Frameworks/Carbon.framework/Versions/A/Frameworks/OpenScripting.framework/Versions/A/OpenScripting
0x0000000004362000 	/System/Library/Frameworks/Carbon.framework/Versions/A/Frameworks/Print.framework/Versions/A/Print
0x0000000004362000 	/System/Library/Frameworks/Carbon.framework/Versions/A/Frameworks/SecurityHI.framework/Versions/A/SecurityHI
0x00000001264ff000 	/private/var/folders/8f/bfbvwnn511vgzck5058n8x2w0000gn/T/native-platform664171354003793173dir/libnative-platform.dylib
0x0000000126504000 	/Library/Java/JavaVirtualMachines/jdk1.8.0_25.jdk/Contents/Home/jre/lib/libnet.dylib
0x000000012651b000 	/Library/Java/JavaVirtualMachines/jdk1.8.0_25.jdk/Contents/Home/jre/lib/libnio.dylib

VM Arguments:
jvm_args: -XX:MaxPermSize=256m -XX:+HeapDumpOnOutOfMemoryError -Xmx1024m -Dfile.encoding=UTF-8 -Duser.country=SE -Duser.language=sv -Duser.variant 
java_command: org.gradle.launcher.daemon.bootstrap.GradleDaemon 2.2.1 /Users/Marcus/.gradle/daemon 10800000 b2b4bb4f-4844-4438-b0b7-9098cdfb2b1e -XX:MaxPermSize=256m -XX:+HeapDumpOnOutOfMemoryError -Xmx1024m -Dfile.encoding=UTF-8 -Duser.country=SE -Duser.language=sv -Duser.variant
java_class_path (initial): /Applications/Android Studio.app/Contents/gradle/gradle-2.2.1/lib/gradle-launcher-2.2.1.jar
Launcher Type: SUN_STANDARD

Environment Variables:
PATH=/usr/bin:/bin:/usr/sbin:/sbin
SHELL=/bin/bash

Signal Handlers:
SIGSEGV: [libjvm.dylib+0x579dc7], sa_mask[0]=11111111011111110111111111111111, sa_flags=SA_ONSTACK|SA_RESTART|SA_SIGINFO
SIGBUS: [libjvm.dylib+0x579dc7], sa_mask[0]=11111111011111110111111111111111, sa_flags=SA_RESTART|SA_SIGINFO
SIGFPE: [libjvm.dylib+0x45b030], sa_mask[0]=11111111011111110111111111111111, sa_flags=SA_RESTART|SA_SIGINFO
SIGPIPE: [libjvm.dylib+0x45b030], sa_mask[0]=11111111011111110111111111111111, sa_flags=SA_RESTART|SA_SIGINFO
SIGXFSZ: [libjvm.dylib+0x45b030], sa_mask[0]=11111111011111110111111111111111, sa_flags=SA_RESTART|SA_SIGINFO
SIGILL: [libjvm.dylib+0x45b030], sa_mask[0]=11111111011111110111111111111111, sa_flags=SA_RESTART|SA_SIGINFO
SIGUSR1: SIG_DFL, sa_mask[0]=00000000000000000000000000000000, sa_flags=none
SIGUSR2: [libjvm.dylib+0x45ab4e], sa_mask[0]=00100000000000000000000000000000, sa_flags=SA_RESTART|SA_SIGINFO
SIGHUP: [libjvm.dylib+0x459121], sa_mask[0]=11111111011111110111111111111111, sa_flags=SA_RESTART|SA_SIGINFO
SIGINT: [libjvm.dylib+0x459121], sa_mask[0]=11111111011111110111111111111111, sa_flags=SA_RESTART|SA_SIGINFO
SIGTERM: [libjvm.dylib+0x459121], sa_mask[0]=11111111011111110111111111111111, sa_flags=SA_RESTART|SA_SIGINFO
SIGQUIT: [libjvm.dylib+0x459121], sa_mask[0]=11111111011111110111111111111111, sa_flags=SA_RESTART|SA_SIGINFO


---------------  S Y S T E M  ---------------

OS:Bsduname:Darwin 14.0.0 Darwin Kernel Version 14.0.0: Fri Sep 19 00:26:44 PDT 2014; root:xnu-2782.1.97~2/RELEASE_X86_64 x86_64
rlimit: STACK 8192k, CORE 0k, NPROC 709, NOFILE 10240, AS infinity
load average:1.19 1.23 1.30

CPU:total 4 (4 cores per cpu, 1 threads per core) family 6 model 58 stepping 9, cmov, cx8, fxsr, mmx, sse, sse2, sse3, ssse3, sse4.1, sse4.2, popcnt, avx, aes, clmul, erms, tsc, tscinvbit, tscinv

Memory: 4k page, physical 8388608k(450328k free)

/proc/meminfo:


vm_info: Java HotSpot(TM) 64-Bit Server VM (25.25-b02) for bsd-amd64 JRE (1.8.0_25-b17), built on Sep 17 2014 16:56:50 by "java_re" with gcc 4.2.1 (Based on Apple Inc. build 5658) (LLVM build 2336.11.00)

time: Mon Jan 26 15:23:15 2015
elapsed time: 5503 seconds (0d 1h 31m 43s)

